# JRE version: OpenJDK Runtime Environment (8.0_76-b03) (build 1.8.0_76-release-b03)
# Java VM: OpenJDK 64-Bit Server VM (25.76-b03 mixed mode linux-amd64 compressed oops)
Heap:
 PSYoungGen      total 1036288K, used 0K [0x000000076ab00000, 0x00000007c0000000, 0x00000007c0000000)
  eden space 690176K, 0% used [0x000000076ab00000,0x000000076ab00000,0x0000000794d00000)
  from space 346112K, 0% used [0x00000007aae00000,0x00000007aae00000,0x00000007c0000000)
  to   space 353792K, 0% used [0x0000000794d00000,0x0000000794d00000,0x00000007aa680000)
 ParOldGen       total 1067520K, used 899160K [0x00000006c0000000, 0x0000000701280000, 0x000000076ab00000)
  object space 1067520K, 84% used [0x00000006c0000000,0x00000006f6e16230,0x0000000701280000)
 Metaspace       used 6923K, capacity 7602K, committed 7808K, reserved 1056768K
  class space    used 614K, capacity 618K, committed 640K, reserved 1048576K
GC Heap History (10 events):
Event: 30.045 GC heap after
Heap after GC invocations=25 (full 5):
 PSYoungGen      total 805888K, used 75941K [0x000000076ab00000, 0x00000007aa000000, 0x00000007c0000000)
  eden space 610304K, 0% used [0x000000076ab00000,0x000000076ab00000,0x000000078ff00000)
  from space 195584K, 38% used [0x000000079e100000,0x00000007a2b29658,0x00000007aa000000)
  to   space 213504K, 0% used [0x000000078ff00000,0x000000078ff00000,0x000000079cf80000)
 ParOldGen       total 1067520K, used 711614K [0x00000006c0000000, 0x0000000701280000, 0x000000076ab00000)
  object space 1067520K, 66% used [0x00000006c0000000,0x00000006eb6efb38,0x0000000701280000)
 Metaspace       used 6567K, capacity 7280K, committed 7552K, reserved 1056768K
  class space    used 596K, capacity 616K, committed 640K, reserved 1048576K
}
Event: 31.507 GC heap before
{Heap before GC invocations=26 (full 5):
 PSYoungGen      total 805888K, used 686245K [0x000000076ab00000, 0x00000007aa000000, 0x00000007c0000000)
  eden space 610304K, 100% used [0x000000076ab00000,0x000000078ff00000,0x000000078ff00000)
  from space 195584K, 38% used [0x000000079e100000,0x00000007a2b29658,0x00000007aa000000)
  to   space 213504K, 0% used [0x000000078ff00000,0x000000078ff00000,0x000000079cf80000)
 ParOldGen       total 1067520K, used 711614K [0x00000006c0000000, 0x0000000701280000, 0x000000076ab00000)
  object space 1067520K, 66% used [0x00000006c0000000,0x00000006eb6efb38,0x0000000701280000)
 Metaspace       used 6568K, capacity 7280K, committed 7552K, reserved 1056768K
  class space    used 596K, capacity 616K, committed 640K, reserved 1048576K
Event: 31.700 GC heap after
Heap after GC invocations=26 (full 5):
 PSYoungGen      total 823808K, used 165066K [0x000000076ab00000, 0x00000007aff80000, 0x00000007c0000000)
  eden space 610304K, 0% used [0x000000076ab00000,0x000000076ab00000,0x000000078ff00000)
  from space 213504K, 77% used [0x000000078ff00000,0x000000079a032bc8,0x000000079cf80000)
  to   space 230912K, 0% used [0x00000007a1e00000,0x00000007a1e00000,0x00000007aff80000)
 ParOldGen       total 1067520K, used 711614K [0x00000006c0000000, 0x0000000701280000, 0x000000076ab00000)
  object space 1067520K, 66% used [0x00000006c0000000,0x00000006eb6efb38,0x0000000701280000)
 Metaspace       used 6568K, capacity 7280K, committed 7552K, reserved 1056768K
  class space    used 596K, capacity 616K, committed 640K, reserved 1048576K
}
Event: 33.501 GC heap before
{Heap before GC invocations=27 (full 5):
 PSYoungGen      total 823808K, used 775370K [0x000000076ab00000, 0x00000007aff80000, 0x00000007c0000000)
  eden space 610304K, 100% used [0x000000076ab00000,0x000000078ff00000,0x000000078ff00000)
  from space 213504K, 77% used [0x000000078ff00000,0x000000079a032bc8,0x000000079cf80000)
  to   space 230912K, 0% used [0x00000007a1e00000,0x00000007a1e00000,0x00000007aff80000)
 ParOldGen       total 1067520K, used 711614K [0x00000006c0000000, 0x0000000701280000, 0x000000076ab00000)
  object space 1067520K, 66% used [0x00000006c0000000,0x00000006eb6efb38,0x0000000701280000)
 Metaspace       used 6674K, capacity 7346K, committed 7552K, reserved 1056768K
  class space    used 602K, capacity 618K, committed 640K, reserved 1048576K
Event: 33.920 GC heap after
Heap after GC invocations=27 (full 5):
 PSYoungGen      total 856064K, used 230896K [0x000000076ab00000, 0x00000007b6a00000, 0x00000007c0000000)
  eden space 625152K, 0% used [0x000000076ab00000,0x000000076ab00000,0x0000000790d80000)
  from space 230912K, 99% used [0x00000007a1e00000,0x00000007aff7c1f0,0x00000007aff80000)
  to   space 279040K, 0% used [0x0000000790d80000,0x0000000790d80000,0x00000007a1e00000)
 ParOldGen       total 1067520K, used 740115K [0x00000006c0000000, 0x0000000701280000, 0x000000076ab00000)
  object space 1067520K, 69% used [0x00000006c0000000,0x00000006ed2c4e30,0x0000000701280000)
 Metaspace       used 6674K, capacity 7346K, committed 7552K, reserved 1056768K
  class space    used 602K, capacity 618K, committed 640K, reserved 1048576K
}
Event: 35.661 GC heap before
{Heap before GC invocations=28 (full 5):
 PSYoungGen      total 856064K, used 856048K [0x000000076ab00000, 0x00000007b6a00000, 0x00000007c0000000)
  eden space 625152K, 100% used [0x000000076ab00000,0x0000000790d80000,0x0000000790d80000)
  from space 230912K, 99% used [0x00000007a1e00000,0x00000007aff7c1f0,0x00000007aff80000)
  to   space 279040K, 0% used [0x0000000790d80000,0x0000000790d80000,0x00000007a1e00000)
 ParOldGen       total 1067520K, used 740115K [0x00000006c0000000, 0x0000000701280000, 0x000000076ab00000)
  object space 1067520K, 69% used [0x00000006c0000000,0x00000006ed2c4e30,0x0000000701280000)
 Metaspace       used 6902K, capacity 7538K, committed 7808K, reserved 1056768K
  class space    used 614K, capacity 618K, committed 640K, reserved 1048576K
Event: 35.997 GC heap after
Heap after GC invocations=28 (full 5):
 PSYoungGen      total 904192K, used 279014K [0x000000076ab00000, 0x00000007c0000000, 0x00000007c0000000)
  eden space 625152K, 0% used [0x000000076ab00000,0x000000076ab00000,0x0000000790d80000)
  from space 279040K, 99% used [0x0000000790d80000,0x00000007a1df9b78,0x00000007a1e00000)
  to   space 346112K, 0% used [0x00000007aae00000,0x00000007aae00000,0x00000007c0000000)
 ParOldGen       total 1067520K, used 796598K [0x00000006c0000000, 0x0000000701280000, 0x000000076ab00000)
  object space 1067520K, 74% used [0x00000006c0000000,0x00000006f09eda70,0x0000000701280000)
 Metaspace       used 6902K, capacity 7538K, committed 7808K, reserved 1056768K
  class space    used 614K, capacity 618K, committed 640K, reserved 1048576K
}
Event: 37.573 GC heap before
{Heap before GC invocations=29 (full 5):
 PSYoungGen      total 904192K, used 904166K [0x000000076ab00000, 0x00000007c0000000, 0x00000007c0000000)
  eden space 625152K, 100% used [0x000000076ab00000,0x0000000790d80000,0x0000000790d80000)
  from space 279040K, 99% used [0x0000000790d80000,0x00000007a1df9b78,0x00000007a1e00000)
  to   space 346112K, 0% used [0x00000007aae00000,0x00000007aae00000,0x00000007c0000000)
 ParOldGen       total 1067520K, used 796598K [0x00000006c0000000, 0x0000000701280000, 0x000000076ab00000)
  object space 1067520K, 74% used [0x00000006c0000000,0x00000006f09eda70,0x0000000701280000)
 Metaspace       used 6923K, capacity 7602K, committed 7808K, reserved 1056768K
  class space    used 614K, capacity 618K, committed 640K, reserved 1048576K
Event: 38.123 GC heap after
Heap after GC invocations=29 (full 5):
 PSYoungGen      total 1036288K, used 208712K [0x000000076ab00000, 0x00000007c0000000, 0x00000007c0000000)
  eden space 690176K, 0% used [0x000000076ab00000,0x000000076ab00000,0x0000000794d00000)
  from space 346112K, 60% used [0x00000007aae00000,0x00000007b79d23a0,0x00000007c0000000)
  to   space 353792K, 0% used [0x0000000794d00000,0x0000000794d00000,0x00000007aa680000)
 ParOldGen       total 1067520K, used 975454K [0x00000006c0000000, 0x0000000701280000, 0x000000076ab00000)
  object space 1067520K, 91% used [0x00000006c0000000,0x00000006fb897b00,0x0000000701280000)
 Metaspace       used 6923K, capacity 7602K, committed 7808K, reserved 1056768K
  class space    used 614K, capacity 618K, committed 640K, reserved 1048576K
}
Event: 38.123 GC heap before
{Heap before GC invocations=30 (full 6):
 PSYoungGen      total 1036288K, used 208712K [0x000000076ab00000, 0x00000007c0000000, 0x00000007c0000000)
  eden space 690176K, 0% used [0x000000076ab00000,0x000000076ab00000,0x0000000794d00000)
  from space 346112K, 60% used [0x00000007aae00000,0x00000007b79d23a0,0x00000007c0000000)
  to   space 353792K, 0% used [0x0000000794d00000,0x0000000794d00000,0x00000007aa680000)
 ParOldGen       total 1067520K, used 975454K [0x00000006c0000000, 0x0000000701280000, 0x000000076ab00000)
  object space 1067520K, 91% used [0x00000006c0000000,0x00000006fb897b00,0x0000000701280000)
 Metaspace       used 6923K, capacity 7602K, committed 7808K, reserved 1056768K
  class space    used 614K, capacity 618K, committed 640K, reserved 1048576K

