# JRE version: OpenJDK Runtime Environment (8.0_76-b03) (build 1.8.0_76-release-b03)
# Java VM: OpenJDK 64-Bit Server VM (25.76-b03 mixed mode linux-amd64 compressed oops)
Heap:
 PSYoungGen      total 936448K, used 170902K [0x000000076ab00000, 0x00000007c0000000, 0x00000007c0000000)
  eden space 636928K, 0% used [0x000000076ab00000,0x000000076ab00000,0x0000000791900000)
  from space 299520K, 57% used [0x00000007adb80000,0x00000007b8265850,0x00000007c0000000)
  to   space 380416K, 0% used [0x0000000791900000,0x0000000791900000,0x00000007a8c80000)
 ParOldGen       total 749056K, used 748843K [0x00000006c0000000, 0x00000006edb80000, 0x000000076ab00000)
  object space 749056K, 99% used [0x00000006c0000000,0x00000006edb4aed8,0x00000006edb80000)
 Metaspace       used 6889K, capacity 7538K, committed 7808K, reserved 1056768K
  class space    used 614K, capacity 618K, committed 640K, reserved 1048576K
GC Heap History (10 events):
Event: 20.074 GC heap after
Heap after GC invocations=18 (full 4):
 PSYoungGen      total 892416K, used 172243K [0x000000076ab00000, 0x00000007bab00000, 0x00000007c0000000)
  eden space 704512K, 0% used [0x000000076ab00000,0x000000076ab00000,0x0000000795b00000)
  from space 187904K, 91% used [0x00000007a5c00000,0x00000007b0434d28,0x00000007b1380000)
  to   space 263168K, 0% used [0x0000000795b00000,0x0000000795b00000,0x00000007a5c00000)
 ParOldGen       total 749056K, used 473167K [0x00000006c0000000, 0x00000006edb80000, 0x000000076ab00000)
  object space 749056K, 63% used [0x00000006c0000000,0x00000006dce13cc8,0x00000006edb80000)
 Metaspace       used 6573K, capacity 7280K, committed 7552K, reserved 1056768K
  class space    used 596K, capacity 616K, committed 640K, reserved 1048576K
}
Event: 22.593 GC heap before
{Heap before GC invocations=19 (full 4):
 PSYoungGen      total 892416K, used 876755K [0x000000076ab00000, 0x00000007bab00000, 0x00000007c0000000)
  eden space 704512K, 100% used [0x000000076ab00000,0x0000000795b00000,0x0000000795b00000)
  from space 187904K, 91% used [0x00000007a5c00000,0x00000007b0434d28,0x00000007b1380000)
  to   space 263168K, 0% used [0x0000000795b00000,0x0000000795b00000,0x00000007a5c00000)
 ParOldGen       total 749056K, used 473167K [0x00000006c0000000, 0x00000006edb80000, 0x000000076ab00000)
  object space 749056K, 63% used [0x00000006c0000000,0x00000006dce13cc8,0x00000006edb80000)
 Metaspace       used 6575K, capacity 7280K, committed 7552K, reserved 1056768K
  class space    used 596K, capacity 616K, committed 640K, reserved 1048576K
Event: 22.884 GC heap after
Heap after GC invocations=19 (full 4):
 PSYoungGen      total 967680K, used 138902K [0x000000076ab00000, 0x00000007bcd80000, 0x00000007c0000000)
  eden space 704512K, 0% used [0x000000076ab00000,0x000000076ab00000,0x0000000795b00000)
  from space 263168K, 52% used [0x0000000795b00000,0x000000079e2a5a28,0x00000007a5c00000)
  to   space 264192K, 0% used [0x00000007acb80000,0x00000007acb80000,0x00000007bcd80000)
 ParOldGen       total 749056K, used 602034K [0x00000006c0000000, 0x00000006edb80000, 0x000000076ab00000)
  object space 749056K, 80% used [0x00000006c0000000,0x00000006e4beca20,0x00000006edb80000)
 Metaspace       used 6575K, capacity 7280K, committed 7552K, reserved 1056768K
  class space    used 596K, capacity 616K, committed 640K, reserved 1048576K
}
Event: 24.650 GC heap before
{Heap before GC invocations=20 (full 4):
 PSYoungGen      total 967680K, used 843414K [0x000000076ab00000, 0x00000007bcd80000, 0x00000007c0000000)
  eden space 704512K, 100% used [0x000000076ab00000,0x0000000795b00000,0x0000000795b00000)
  from space 263168K, 52% used [0x0000000795b00000,0x000000079e2a5a28,0x00000007a5c00000)
  to   space 264192K, 0% used [0x00000007acb80000,0x00000007acb80000,0x00000007bcd80000)
 ParOldGen       total 749056K, used 602034K [0x00000006c0000000, 0x00000006edb80000, 0x000000076ab00000)
  object space 749056K, 80% used [0x00000006c0000000,0x00000006e4beca20,0x00000006edb80000)
 Metaspace       used 6576K, capacity 7280K, committed 7552K, reserved 1056768K
  class space    used 596K, capacity 616K, committed 640K, reserved 1048576K
Event: 24.802 GC heap after
Heap after GC invocations=20 (full 4):
 PSYoungGen      total 1064448K, used 123308K [0x000000076ab00000, 0x00000007bbf00000, 0x00000007c0000000)
  eden space 815104K, 0% used [0x000000076ab00000,0x000000076ab00000,0x000000079c700000)
  from space 249344K, 49% used [0x00000007acb80000,0x00000007b43eb300,0x00000007bbf00000)
  to   space 258048K, 0% used [0x000000079c700000,0x000000079c700000,0x00000007ac300000)
 ParOldGen       total 749056K, used 602034K [0x00000006c0000000, 0x00000006edb80000, 0x000000076ab00000)
  object space 749056K, 80% used [0x00000006c0000000,0x00000006e4beca20,0x00000006edb80000)
 Metaspace       used 6576K, capacity 7280K, committed 7552K, reserved 1056768K
  class space    used 596K, capacity 616K, committed 640K, reserved 1048576K
}
Event: 26.695 GC heap before
{Heap before GC invocations=21 (full 4):
 PSYoungGen      total 1064448K, used 938412K [0x000000076ab00000, 0x00000007bbf00000, 0x00000007c0000000)
  eden space 815104K, 100% used [0x000000076ab00000,0x000000079c700000,0x000000079c700000)
  from space 249344K, 49% used [0x00000007acb80000,0x00000007b43eb300,0x00000007bbf00000)
  to   space 258048K, 0% used [0x000000079c700000,0x000000079c700000,0x00000007ac300000)
 ParOldGen       total 749056K, used 602034K [0x00000006c0000000, 0x00000006edb80000, 0x000000076ab00000)
  object space 749056K, 80% used [0x00000006c0000000,0x00000006e4beca20,0x00000006edb80000)
 Metaspace       used 6683K, capacity 7346K, committed 7552K, reserved 1056768K
  class space    used 602K, capacity 618K, committed 640K, reserved 1048576K
Event: 26.964 GC heap after
Heap after GC invocations=21 (full 4):
 PSYoungGen      total 1073152K, used 253384K [0x000000076ab00000, 0x00000007c0000000, 0x00000007c0000000)
  eden space 815104K, 0% used [0x000000076ab00000,0x000000076ab00000,0x000000079c700000)
  from space 258048K, 98% used [0x000000079c700000,0x00000007abe723a0,0x00000007ac300000)
  to   space 299520K, 0% used [0x00000007adb80000,0x00000007adb80000,0x00000007c0000000)
 ParOldGen       total 749056K, used 602034K [0x00000006c0000000, 0x00000006edb80000, 0x000000076ab00000)
  object space 749056K, 80% used [0x00000006c0000000,0x00000006e4beca20,0x00000006edb80000)
 Metaspace       used 6683K, capacity 7346K, committed 7552K, reserved 1056768K
  class space    used 602K, capacity 618K, committed 640K, reserved 1048576K
}
Event: 29.166 GC heap before
{Heap before GC invocations=22 (full 4):
 PSYoungGen      total 1073152K, used 1068488K [0x000000076ab00000, 0x00000007c0000000, 0x00000007c0000000)
  eden space 815104K, 100% used [0x000000076ab00000,0x000000079c700000,0x000000079c700000)
  from space 258048K, 98% used [0x000000079c700000,0x00000007abe723a0,0x00000007ac300000)
  to   space 299520K, 0% used [0x00000007adb80000,0x00000007adb80000,0x00000007c0000000)
 ParOldGen       total 749056K, used 602034K [0x00000006c0000000, 0x00000006edb80000, 0x000000076ab00000)
  object space 749056K, 80% used [0x00000006c0000000,0x00000006e4beca20,0x00000006edb80000)
 Metaspace       used 6889K, capacity 7538K, committed 7808K, reserved 1056768K
  class space    used 614K, capacity 618K, committed 640K, reserved 1048576K
Event: 29.749 GC heap after
Heap after GC invocations=22 (full 4):
 PSYoungGen      total 936448K, used 299505K [0x000000076ab00000, 0x00000007c0000000, 0x00000007c0000000)
  eden space 636928K, 0% used [0x000000076ab00000,0x000000076ab00000,0x0000000791900000)
  from space 299520K, 99% used [0x00000007adb80000,0x00000007bfffc638,0x00000007c0000000)
  to   space 380416K, 0% used [0x0000000791900000,0x0000000791900000,0x00000007a8c80000)
 ParOldGen       total 749056K, used 683910K [0x00000006c0000000, 0x00000006edb80000, 0x000000076ab00000)
  object space 749056K, 91% used [0x00000006c0000000,0x00000006e9be1a08,0x00000006edb80000)
 Metaspace       used 6889K, capacity 7538K, committed 7808K, reserved 1056768K
  class space    used 614K, capacity 618K, committed 640K, reserved 1048576K
}
Event: 29.749 GC heap before
{Heap before GC invocations=23 (full 5):
 PSYoungGen      total 936448K, used 299505K [0x000000076ab00000, 0x00000007c0000000, 0x00000007c0000000)
  eden space 636928K, 0% used [0x000000076ab00000,0x000000076ab00000,0x0000000791900000)
  from space 299520K, 99% used [0x00000007adb80000,0x00000007bfffc638,0x00000007c0000000)
  to   space 380416K, 0% used [0x0000000791900000,0x0000000791900000,0x00000007a8c80000)
 ParOldGen       total 749056K, used 683910K [0x00000006c0000000, 0x00000006edb80000, 0x000000076ab00000)
  object space 749056K, 91% used [0x00000006c0000000,0x00000006e9be1a08,0x00000006edb80000)
 Metaspace       used 6889K, capacity 7538K, committed 7808K, reserved 1056768K
  class space    used 614K, capacity 618K, committed 640K, reserved 1048576K

