# JRE version: OpenJDK Runtime Environment (8.0_76-b03) (build 1.8.0_76-release-b03)
# Java VM: OpenJDK 64-Bit Server VM (25.76-b03 mixed mode linux-amd64 compressed oops)
Heap:
 PSYoungGen      total 844800K, used 181218K [0x000000076ab00000, 0x00000007b0200000, 0x00000007c0000000)
  eden space 663552K, 0% used [0x000000076ab00000,0x000000076ab00000,0x0000000793300000)
  from space 181248K, 99% used [0x00000007a5100000,0x00000007b01f8990,0x00000007b0200000)
  to   space 133120K, 0% used [0x0000000793300000,0x0000000793300000,0x000000079b500000)
 ParOldGen       total 458752K, used 449872K [0x00000006c0000000, 0x00000006dc000000, 0x000000076ab00000)
  object space 458752K, 98% used [0x00000006c0000000,0x00000006db754298,0x00000006dc000000)
 Metaspace       used 6572K, capacity 7280K, committed 7552K, reserved 1056768K
  class space    used 596K, capacity 616K, committed 640K, reserved 1048576K
GC Heap History (10 events):
Event: 8.732 GC heap after
Heap after GC invocations=12 (full 2):
 PSYoungGen      total 655360K, used 77534K [0x000000076ab00000, 0x000000079df80000, 0x00000007c0000000)
  eden space 568832K, 0% used [0x000000076ab00000,0x000000076ab00000,0x000000078d680000)
  from space 86528K, 89% used [0x0000000794880000,0x0000000799437bc0,0x0000000799d00000)
  to   space 116736K, 0% used [0x000000078d680000,0x000000078d680000,0x0000000794880000)
 ParOldGen       total 280576K, used 158335K [0x00000006c0000000, 0x00000006d1200000, 0x000000076ab00000)
  object space 280576K, 56% used [0x00000006c0000000,0x00000006c9a9ffc8,0x00000006d1200000)
 Metaspace       used 6541K, capacity 7280K, committed 7552K, reserved 1056768K
  class space    used 594K, capacity 616K, committed 640K, reserved 1048576K
}
Event: 10.255 GC heap before
{Heap before GC invocations=13 (full 2):
 PSYoungGen      total 655360K, used 646366K [0x000000076ab00000, 0x000000079df80000, 0x00000007c0000000)
  eden space 568832K, 100% used [0x000000076ab00000,0x000000078d680000,0x000000078d680000)
  from space 86528K, 89% used [0x0000000794880000,0x0000000799437bc0,0x0000000799d00000)
  to   space 116736K, 0% used [0x000000078d680000,0x000000078d680000,0x0000000794880000)
 ParOldGen       total 280576K, used 158335K [0x00000006c0000000, 0x00000006d1200000, 0x000000076ab00000)
  object space 280576K, 56% used [0x00000006c0000000,0x00000006c9a9ffc8,0x00000006d1200000)
 Metaspace       used 6562K, capacity 7280K, committed 7552K, reserved 1056768K
  class space    used 595K, capacity 616K, committed 640K, reserved 1048576K
Event: 10.558 GC heap after
Heap after GC invocations=13 (full 2):
 PSYoungGen      total 685568K, used 68096K [0x000000076ab00000, 0x00000007a3100000, 0x00000007c0000000)
  eden space 568832K, 0% used [0x000000076ab00000,0x000000076ab00000,0x000000078d680000)
  from space 116736K, 58% used [0x000000078d680000,0x0000000791900338,0x0000000794880000)
  to   space 119296K, 0% used [0x000000079bc80000,0x000000079bc80000,0x00000007a3100000)
 ParOldGen       total 280576K, used 236349K [0x00000006c0000000, 0x00000006d1200000, 0x000000076ab00000)
  object space 280576K, 84% used [0x00000006c0000000,0x00000006ce6cf770,0x00000006d1200000)
 Metaspace       used 6562K, capacity 7280K, committed 7552K, reserved 1056768K
  class space    used 595K, capacity 616K, committed 640K, reserved 1048576K
}
Event: 10.558 GC heap before
{Heap before GC invocations=14 (full 3):
 PSYoungGen      total 685568K, used 68096K [0x000000076ab00000, 0x00000007a3100000, 0x00000007c0000000)
  eden space 568832K, 0% used [0x000000076ab00000,0x000000076ab00000,0x000000078d680000)
  from space 116736K, 58% used [0x000000078d680000,0x0000000791900338,0x0000000794880000)
  to   space 119296K, 0% used [0x000000079bc80000,0x000000079bc80000,0x00000007a3100000)
 ParOldGen       total 280576K, used 236349K [0x00000006c0000000, 0x00000006d1200000, 0x000000076ab00000)
  object space 280576K, 84% used [0x00000006c0000000,0x00000006ce6cf770,0x00000006d1200000)
 Metaspace       used 6562K, capacity 7280K, committed 7552K, reserved 1056768K
  class space    used 595K, capacity 616K, committed 640K, reserved 1048576K
Event: 11.657 GC heap after
Heap after GC invocations=14 (full 3):
 PSYoungGen      total 685568K, used 18138K [0x000000076ab00000, 0x00000007a3100000, 0x00000007c0000000)
  eden space 568832K, 0% used [0x000000076ab00000,0x000000076ab00000,0x000000078d680000)
  from space 116736K, 15% used [0x000000078d680000,0x000000078e836950,0x0000000794880000)
  to   space 119296K, 0% used [0x000000079bc80000,0x000000079bc80000,0x00000007a3100000)
 ParOldGen       total 458752K, used 280377K [0x00000006c0000000, 0x00000006dc000000, 0x000000076ab00000)
  object space 458752K, 61% used [0x00000006c0000000,0x00000006d11ce720,0x00000006dc000000)
 Metaspace       used 6562K, capacity 7280K, committed 7552K, reserved 1056768K
  class space    used 595K, capacity 616K, committed 640K, reserved 1048576K
}
Event: 13.349 GC heap before
{Heap before GC invocations=15 (full 3):
 PSYoungGen      total 685568K, used 586970K [0x000000076ab00000, 0x00000007a3100000, 0x00000007c0000000)
  eden space 568832K, 100% used [0x000000076ab00000,0x000000078d680000,0x000000078d680000)
  from space 116736K, 15% used [0x000000078d680000,0x000000078e836950,0x0000000794880000)
  to   space 119296K, 0% used [0x000000079bc80000,0x000000079bc80000,0x00000007a3100000)
 ParOldGen       total 458752K, used 280377K [0x00000006c0000000, 0x00000006dc000000, 0x000000076ab00000)
  object space 458752K, 61% used [0x00000006c0000000,0x00000006d11ce720,0x00000006dc000000)
 Metaspace       used 6566K, capacity 7280K, committed 7552K, reserved 1056768K
  class space    used 595K, capacity 616K, committed 640K, reserved 1048576K
Event: 13.621 GC heap after
Heap after GC invocations=15 (full 3):
 PSYoungGen      total 782848K, used 100961K [0x000000076ab00000, 0x00000007a3700000, 0x00000007c0000000)
  eden space 663552K, 0% used [0x000000076ab00000,0x000000076ab00000,0x0000000793300000)
  from space 119296K, 84% used [0x000000079bc80000,0x00000007a1f18588,0x00000007a3100000)
  to   space 133120K, 0% used [0x0000000793300000,0x0000000793300000,0x000000079b500000)
 ParOldGen       total 458752K, used 280377K [0x00000006c0000000, 0x00000006dc000000, 0x000000076ab00000)
  object space 458752K, 61% used [0x00000006c0000000,0x00000006d11ce720,0x00000006dc000000)
 Metaspace       used 6566K, capacity 7280K, committed 7552K, reserved 1056768K
  class space    used 595K, capacity 616K, committed 640K, reserved 1048576K
}
Event: 15.538 GC heap before
{Heap before GC invocations=16 (full 3):
 PSYoungGen      total 782848K, used 764513K [0x000000076ab00000, 0x00000007a3700000, 0x00000007c0000000)
  eden space 663552K, 100% used [0x000000076ab00000,0x0000000793300000,0x0000000793300000)
  from space 119296K, 84% used [0x000000079bc80000,0x00000007a1f18588,0x00000007a3100000)
  to   space 133120K, 0% used [0x0000000793300000,0x0000000793300000,0x000000079b500000)
 ParOldGen       total 458752K, used 280377K [0x00000006c0000000, 0x00000006dc000000, 0x000000076ab00000)
  object space 458752K, 61% used [0x00000006c0000000,0x00000006d11ce720,0x00000006dc000000)
 Metaspace       used 6569K, capacity 7280K, committed 7552K, reserved 1056768K
  class space    used 595K, capacity 616K, committed 640K, reserved 1048576K
Event: 15.756 GC heap after
Heap after GC invocations=16 (full 3):
 PSYoungGen      total 796672K, used 133112K [0x000000076ab00000, 0x00000007b0200000, 0x00000007c0000000)
  eden space 663552K, 0% used [0x000000076ab00000,0x000000076ab00000,0x0000000793300000)
  from space 133120K, 99% used [0x0000000793300000,0x000000079b4fe280,0x000000079b500000)
  to   space 181248K, 0% used [0x00000007a5100000,0x00000007a5100000,0x00000007b0200000)
 ParOldGen       total 458752K, used 348338K [0x00000006c0000000, 0x00000006dc000000, 0x000000076ab00000)
  object space 458752K, 75% used [0x00000006c0000000,0x00000006d542cb50,0x00000006dc000000)
 Metaspace       used 6569K, capacity 7280K, committed 7552K, reserved 1056768K
  class space    used 595K, capacity 616K, committed 640K, reserved 1048576K
}
Event: 19.971 GC heap before
{Heap before GC invocations=17 (full 3):
 PSYoungGen      total 796672K, used 796664K [0x000000076ab00000, 0x00000007b0200000, 0x00000007c0000000)
  eden space 663552K, 100% used [0x000000076ab00000,0x0000000793300000,0x0000000793300000)
  from space 133120K, 99% used [0x0000000793300000,0x000000079b4fe280,0x000000079b500000)
  to   space 181248K, 0% used [0x00000007a5100000,0x00000007a5100000,0x00000007b0200000)
 ParOldGen       total 458752K, used 348338K [0x00000006c0000000, 0x00000006dc000000, 0x000000076ab00000)
  object space 458752K, 75% used [0x00000006c0000000,0x00000006d542cb50,0x00000006dc000000)
 Metaspace       used 6572K, capacity 7280K, committed 7552K, reserved 1056768K
  class space    used 596K, capacity 616K, committed 640K, reserved 1048576K

