# JRE version: OpenJDK Runtime Environment (8.0_76-b03) (build 1.8.0_76-release-b03)
# Java VM: OpenJDK 64-Bit Server VM (25.76-b03 mixed mode linux-amd64 compressed oops)
Heap:
 PSYoungGen      total 1044480K, used 182949K [0x000000076ab00000, 0x00000007c0000000, 0x00000007c0000000)
  eden space 768000K, 0% used [0x000000076ab00000,0x000000076ab00000,0x0000000799900000)
  from space 276480K, 66% used [0x00000007af200000,0x00000007ba4a9430,0x00000007c0000000)
  to   space 314880K, 0% used [0x0000000799900000,0x0000000799900000,0x00000007acc80000)
 ParOldGen       total 724480K, used 724302K [0x00000006c0000000, 0x00000006ec380000, 0x000000076ab00000)
  object space 724480K, 99% used [0x00000006c0000000,0x00000006ec3539e0,0x00000006ec380000)
 Metaspace       used 6709K, capacity 7346K, committed 7552K, reserved 1056768K
  class space    used 602K, capacity 618K, committed 640K, reserved 1048576K
GC Heap History (10 events):
Event: 21.299 GC heap after
Heap after GC invocations=18 (full 4):
 PSYoungGen      total 886272K, used 136737K [0x000000076ab00000, 0x00000007b7400000, 0x00000007c0000000)
  eden space 709120K, 0% used [0x000000076ab00000,0x000000076ab00000,0x0000000795f80000)
  from space 177152K, 77% used [0x00000007a4880000,0x00000007ace08590,0x00000007af580000)
  to   space 238592K, 0% used [0x0000000795f80000,0x0000000795f80000,0x00000007a4880000)
 ParOldGen       total 724480K, used 465009K [0x00000006c0000000, 0x00000006ec380000, 0x000000076ab00000)
  object space 724480K, 64% used [0x00000006c0000000,0x00000006dc61c700,0x00000006ec380000)
 Metaspace       used 6580K, capacity 7280K, committed 7552K, reserved 1056768K
  class space    used 596K, capacity 616K, committed 640K, reserved 1048576K
}
Event: 24.539 GC heap before
{Heap before GC invocations=19 (full 4):
 PSYoungGen      total 886272K, used 845857K [0x000000076ab00000, 0x00000007b7400000, 0x00000007c0000000)
  eden space 709120K, 100% used [0x000000076ab00000,0x0000000795f80000,0x0000000795f80000)
  from space 177152K, 77% used [0x00000007a4880000,0x00000007ace08590,0x00000007af580000)
  to   space 238592K, 0% used [0x0000000795f80000,0x0000000795f80000,0x00000007a4880000)
 ParOldGen       total 724480K, used 465009K [0x00000006c0000000, 0x00000006ec380000, 0x000000076ab00000)
  object space 724480K, 64% used [0x00000006c0000000,0x00000006dc61c700,0x00000006ec380000)
 Metaspace       used 6580K, capacity 7280K, committed 7552K, reserved 1056768K
  class space    used 596K, capacity 616K, committed 640K, reserved 1048576K
Event: 24.902 GC heap after
Heap after GC invocations=19 (full 4):
 PSYoungGen      total 947712K, used 131057K [0x000000076ab00000, 0x00000007bad00000, 0x00000007c0000000)
  eden space 709120K, 0% used [0x000000076ab00000,0x000000076ab00000,0x0000000795f80000)
  from space 238592K, 54% used [0x0000000795f80000,0x000000079df7c700,0x00000007a4880000)
  to   space 241152K, 0% used [0x00000007ac180000,0x00000007ac180000,0x00000007bad00000)
 ParOldGen       total 724480K, used 599032K [0x00000006c0000000, 0x00000006ec380000, 0x000000076ab00000)
  object space 724480K, 82% used [0x00000006c0000000,0x00000006e48fe390,0x00000006ec380000)
 Metaspace       used 6580K, capacity 7280K, committed 7552K, reserved 1056768K
  class space    used 596K, capacity 616K, committed 640K, reserved 1048576K
}
Event: 26.696 GC heap before
{Heap before GC invocations=20 (full 4):
 PSYoungGen      total 947712K, used 840177K [0x000000076ab00000, 0x00000007bad00000, 0x00000007c0000000)
  eden space 709120K, 100% used [0x000000076ab00000,0x0000000795f80000,0x0000000795f80000)
  from space 238592K, 54% used [0x0000000795f80000,0x000000079df7c700,0x00000007a4880000)
  to   space 241152K, 0% used [0x00000007ac180000,0x00000007ac180000,0x00000007bad00000)
 ParOldGen       total 724480K, used 599032K [0x00000006c0000000, 0x00000006ec380000, 0x000000076ab00000)
  object space 724480K, 82% used [0x00000006c0000000,0x00000006e48fe390,0x00000006ec380000)
 Metaspace       used 6581K, capacity 7280K, committed 7552K, reserved 1056768K
  class space    used 596K, capacity 616K, committed 640K, reserved 1048576K
Event: 26.861 GC heap after
Heap after GC invocations=20 (full 4):
 PSYoungGen      total 1054208K, used 111700K [0x000000076ab00000, 0x00000007b9e00000, 0x00000007c0000000)
  eden space 828416K, 0% used [0x000000076ab00000,0x000000076ab00000,0x000000079d400000)
  from space 225792K, 49% used [0x00000007ac180000,0x00000007b2e951c8,0x00000007b9e00000)
  to   space 234496K, 0% used [0x000000079d400000,0x000000079d400000,0x00000007ab900000)
 ParOldGen       total 724480K, used 599032K [0x00000006c0000000, 0x00000006ec380000, 0x000000076ab00000)
  object space 724480K, 82% used [0x00000006c0000000,0x00000006e48fe390,0x00000006ec380000)
 Metaspace       used 6581K, capacity 7280K, committed 7552K, reserved 1056768K
  class space    used 596K, capacity 616K, committed 640K, reserved 1048576K
}
Event: 28.944 GC heap before
{Heap before GC invocations=21 (full 4):
 PSYoungGen      total 1054208K, used 940116K [0x000000076ab00000, 0x00000007b9e00000, 0x00000007c0000000)
  eden space 828416K, 100% used [0x000000076ab00000,0x000000079d400000,0x000000079d400000)
  from space 225792K, 49% used [0x00000007ac180000,0x00000007b2e951c8,0x00000007b9e00000)
  to   space 234496K, 0% used [0x000000079d400000,0x000000079d400000,0x00000007ab900000)
 ParOldGen       total 724480K, used 599203K [0x00000006c0000000, 0x00000006ec380000, 0x000000076ab00000)
  object space 724480K, 82% used [0x00000006c0000000,0x00000006e4928cf8,0x00000006ec380000)
 Metaspace       used 6651K, capacity 7344K, committed 7552K, reserved 1056768K
  class space    used 599K, capacity 616K, committed 640K, reserved 1048576K
Event: 29.236 GC heap after
Heap after GC invocations=21 (full 4):
 PSYoungGen      total 1062912K, used 234482K [0x000000076ab00000, 0x00000007c0000000, 0x00000007c0000000)
  eden space 828416K, 0% used [0x000000076ab00000,0x000000076ab00000,0x000000079d400000)
  from space 234496K, 99% used [0x000000079d400000,0x00000007ab8fc868,0x00000007ab900000)
  to   space 276480K, 0% used [0x00000007af200000,0x00000007af200000,0x00000007c0000000)
 ParOldGen       total 724480K, used 606830K [0x00000006c0000000, 0x00000006ec380000, 0x000000076ab00000)
  object space 724480K, 83% used [0x00000006c0000000,0x00000006e509bb88,0x00000006ec380000)
 Metaspace       used 6651K, capacity 7344K, committed 7552K, reserved 1056768K
  class space    used 599K, capacity 616K, committed 640K, reserved 1048576K
}
Event: 31.696 GC heap before
{Heap before GC invocations=22 (full 4):
 PSYoungGen      total 1062912K, used 1062898K [0x000000076ab00000, 0x00000007c0000000, 0x00000007c0000000)
  eden space 828416K, 100% used [0x000000076ab00000,0x000000079d400000,0x000000079d400000)
  from space 234496K, 99% used [0x000000079d400000,0x00000007ab8fc868,0x00000007ab900000)
  to   space 276480K, 0% used [0x00000007af200000,0x00000007af200000,0x00000007c0000000)
 ParOldGen       total 724480K, used 606834K [0x00000006c0000000, 0x00000006ec380000, 0x000000076ab00000)
  object space 724480K, 83% used [0x00000006c0000000,0x00000006e509c828,0x00000006ec380000)
 Metaspace       used 6709K, capacity 7346K, committed 7552K, reserved 1056768K
  class space    used 602K, capacity 618K, committed 640K, reserved 1048576K
Event: 32.941 GC heap after
Heap after GC invocations=22 (full 4):
 PSYoungGen      total 1044480K, used 255110K [0x000000076ab00000, 0x00000007c0000000, 0x00000007c0000000)
  eden space 768000K, 0% used [0x000000076ab00000,0x000000076ab00000,0x0000000799900000)
  from space 276480K, 92% used [0x00000007af200000,0x00000007beb21a78,0x00000007c0000000)
  to   space 314880K, 0% used [0x0000000799900000,0x0000000799900000,0x00000007acc80000)
 ParOldGen       total 724480K, used 713924K [0x00000006c0000000, 0x00000006ec380000, 0x000000076ab00000)
  object space 724480K, 98% used [0x00000006c0000000,0x00000006eb9312b0,0x00000006ec380000)
 Metaspace       used 6709K, capacity 7346K, committed 7552K, reserved 1056768K
  class space    used 602K, capacity 618K, committed 640K, reserved 1048576K
}
Event: 32.941 GC heap before
{Heap before GC invocations=23 (full 5):
 PSYoungGen      total 1044480K, used 255110K [0x000000076ab00000, 0x00000007c0000000, 0x00000007c0000000)
  eden space 768000K, 0% used [0x000000076ab00000,0x000000076ab00000,0x0000000799900000)
  from space 276480K, 92% used [0x00000007af200000,0x00000007beb21a78,0x00000007c0000000)
  to   space 314880K, 0% used [0x0000000799900000,0x0000000799900000,0x00000007acc80000)
 ParOldGen       total 724480K, used 713924K [0x00000006c0000000, 0x00000006ec380000, 0x000000076ab00000)
  object space 724480K, 98% used [0x00000006c0000000,0x00000006eb9312b0,0x00000006ec380000)
 Metaspace       used 6709K, capacity 7346K, committed 7552K, reserved 1056768K
  class space    used 602K, capacity 618K, committed 640K, reserved 1048576K

