# JRE version: OpenJDK Runtime Environment (8.0_76-b03) (build 1.8.0_76-release-b03)
# Java VM: OpenJDK 64-Bit Server VM (25.76-b03 mixed mode linux-amd64 compressed oops)
Heap:
 PSYoungGen      total 1027584K, used 175351K [0x000000076ab00000, 0x00000007c0000000, 0x00000007c0000000)
  eden space 731136K, 0% used [0x000000076ab00000,0x000000076ab00000,0x0000000797500000)
  from space 296448K, 59% used [0x00000007ade80000,0x00000007b89bdfb0,0x00000007c0000000)
  to   space 333312K, 0% used [0x0000000797500000,0x0000000797500000,0x00000007aba80000)
 ParOldGen       total 731136K, used 730705K [0x00000006c0000000, 0x00000006eca00000, 0x000000076ab00000)
  object space 731136K, 99% used [0x00000006c0000000,0x00000006ec9944d8,0x00000006eca00000)
 Metaspace       used 6855K, capacity 7538K, committed 7808K, reserved 1056768K
  class space    used 613K, capacity 618K, committed 640K, reserved 1048576K
GC Heap History (10 events):
Event: 18.701 GC heap after
Heap after GC invocations=18 (full 4):
 PSYoungGen      total 889344K, used 124113K [0x000000076ab00000, 0x00000007b1e00000, 0x00000007c0000000)
  eden space 713728K, 0% used [0x000000076ab00000,0x000000076ab00000,0x0000000796400000)
  from space 175616K, 70% used [0x00000007a2c00000,0x00000007aa534578,0x00000007ad780000)
  to   space 204800K, 0% used [0x0000000796400000,0x0000000796400000,0x00000007a2c00000)
 ParOldGen       total 731136K, used 469177K [0x00000006c0000000, 0x00000006eca00000, 0x000000076ab00000)
  object space 731136K, 64% used [0x00000006c0000000,0x00000006dca2e628,0x00000006eca00000)
 Metaspace       used 6566K, capacity 7280K, committed 7552K, reserved 1056768K
  class space    used 596K, capacity 616K, committed 640K, reserved 1048576K
}
Event: 21.533 GC heap before
{Heap before GC invocations=19 (full 4):
 PSYoungGen      total 889344K, used 837841K [0x000000076ab00000, 0x00000007b1e00000, 0x00000007c0000000)
  eden space 713728K, 100% used [0x000000076ab00000,0x0000000796400000,0x0000000796400000)
  from space 175616K, 70% used [0x00000007a2c00000,0x00000007aa534578,0x00000007ad780000)
  to   space 204800K, 0% used [0x0000000796400000,0x0000000796400000,0x00000007a2c00000)
 ParOldGen       total 731136K, used 469177K [0x00000006c0000000, 0x00000006eca00000, 0x000000076ab00000)
  object space 731136K, 64% used [0x00000006c0000000,0x00000006dca2e628,0x00000006eca00000)
 Metaspace       used 6568K, capacity 7280K, committed 7552K, reserved 1056768K
  class space    used 596K, capacity 616K, committed 640K, reserved 1048576K
Event: 21.850 GC heap after
Heap after GC invocations=19 (full 4):
 PSYoungGen      total 918528K, used 204782K [0x000000076ab00000, 0x00000007bb680000, 0x00000007c0000000)
  eden space 713728K, 0% used [0x000000076ab00000,0x000000076ab00000,0x0000000796400000)
  from space 204800K, 99% used [0x0000000796400000,0x00000007a2bfbb58,0x00000007a2c00000)
  to   space 243712K, 0% used [0x00000007ac880000,0x00000007ac880000,0x00000007bb680000)
 ParOldGen       total 731136K, used 478678K [0x00000006c0000000, 0x00000006eca00000, 0x000000076ab00000)
  object space 731136K, 65% used [0x00000006c0000000,0x00000006dd375a30,0x00000006eca00000)
 Metaspace       used 6568K, capacity 7280K, committed 7552K, reserved 1056768K
  class space    used 596K, capacity 616K, committed 640K, reserved 1048576K
}
Event: 23.398 GC heap before
{Heap before GC invocations=20 (full 4):
 PSYoungGen      total 918528K, used 918510K [0x000000076ab00000, 0x00000007bb680000, 0x00000007c0000000)
  eden space 713728K, 100% used [0x000000076ab00000,0x0000000796400000,0x0000000796400000)
  from space 204800K, 99% used [0x0000000796400000,0x00000007a2bfbb58,0x00000007a2c00000)
  to   space 243712K, 0% used [0x00000007ac880000,0x00000007ac880000,0x00000007bb680000)
 ParOldGen       total 731136K, used 478678K [0x00000006c0000000, 0x00000006eca00000, 0x000000076ab00000)
  object space 731136K, 65% used [0x00000006c0000000,0x00000006dd375a30,0x00000006eca00000)
 Metaspace       used 6569K, capacity 7280K, committed 7552K, reserved 1056768K
  class space    used 596K, capacity 616K, committed 640K, reserved 1048576K
Event: 23.651 GC heap after
Heap after GC invocations=20 (full 4):
 PSYoungGen      total 1075712K, used 137530K [0x000000076ab00000, 0x00000007bc480000, 0x00000007c0000000)
  eden space 832000K, 0% used [0x000000076ab00000,0x000000076ab00000,0x000000079d780000)
  from space 243712K, 56% used [0x00000007ac880000,0x00000007b4ece840,0x00000007bb680000)
  to   space 246784K, 0% used [0x000000079d780000,0x000000079d780000,0x00000007ac880000)
 ParOldGen       total 731136K, used 562946K [0x00000006c0000000, 0x00000006eca00000, 0x000000076ab00000)
  object space 731136K, 76% used [0x00000006c0000000,0x00000006e25c0b80,0x00000006eca00000)
 Metaspace       used 6569K, capacity 7280K, committed 7552K, reserved 1056768K
  class space    used 596K, capacity 616K, committed 640K, reserved 1048576K
}
Event: 25.818 GC heap before
{Heap before GC invocations=21 (full 4):
 PSYoungGen      total 1075712K, used 969530K [0x000000076ab00000, 0x00000007bc480000, 0x00000007c0000000)
  eden space 832000K, 100% used [0x000000076ab00000,0x000000079d780000,0x000000079d780000)
  from space 243712K, 56% used [0x00000007ac880000,0x00000007b4ece840,0x00000007bb680000)
  to   space 246784K, 0% used [0x000000079d780000,0x000000079d780000,0x00000007ac880000)
 ParOldGen       total 731136K, used 562946K [0x00000006c0000000, 0x00000006eca00000, 0x000000076ab00000)
  object space 731136K, 76% used [0x00000006c0000000,0x00000006e25c0b80,0x00000006eca00000)
 Metaspace       used 6615K, capacity 7344K, committed 7552K, reserved 1056768K
  class space    used 600K, capacity 616K, committed 640K, reserved 1048576K
Event: 26.196 GC heap after
Heap after GC invocations=21 (full 4):
 PSYoungGen      total 1078784K, used 246771K [0x000000076ab00000, 0x00000007c0000000, 0x00000007c0000000)
  eden space 832000K, 0% used [0x000000076ab00000,0x000000076ab00000,0x000000079d780000)
  from space 246784K, 99% used [0x000000079d780000,0x00000007ac87cf88,0x00000007ac880000)
  to   space 296448K, 0% used [0x00000007ade80000,0x00000007ade80000,0x00000007c0000000)
 ParOldGen       total 731136K, used 584621K [0x00000006c0000000, 0x00000006eca00000, 0x000000076ab00000)
  object space 731136K, 79% used [0x00000006c0000000,0x00000006e3aeb708,0x00000006eca00000)
 Metaspace       used 6615K, capacity 7344K, committed 7552K, reserved 1056768K
  class space    used 600K, capacity 616K, committed 640K, reserved 1048576K
}
Event: 28.460 GC heap before
{Heap before GC invocations=22 (full 4):
 PSYoungGen      total 1078784K, used 1078771K [0x000000076ab00000, 0x00000007c0000000, 0x00000007c0000000)
  eden space 832000K, 100% used [0x000000076ab00000,0x000000079d780000,0x000000079d780000)
  from space 246784K, 99% used [0x000000079d780000,0x00000007ac87cf88,0x00000007ac880000)
  to   space 296448K, 0% used [0x00000007ade80000,0x00000007ade80000,0x00000007c0000000)
 ParOldGen       total 731136K, used 584621K [0x00000006c0000000, 0x00000006eca00000, 0x000000076ab00000)
  object space 731136K, 79% used [0x00000006c0000000,0x00000006e3aeb708,0x00000006eca00000)
 Metaspace       used 6855K, capacity 7538K, committed 7808K, reserved 1056768K
  class space    used 613K, capacity 618K, committed 640K, reserved 1048576K
Event: 29.776 GC heap after
Heap after GC invocations=22 (full 4):
 PSYoungGen      total 1027584K, used 259239K [0x000000076ab00000, 0x00000007c0000000, 0x00000007c0000000)
  eden space 731136K, 0% used [0x000000076ab00000,0x000000076ab00000,0x0000000797500000)
  from space 296448K, 87% used [0x00000007ade80000,0x00000007bdba9ca0,0x00000007c0000000)
  to   space 333312K, 0% used [0x0000000797500000,0x0000000797500000,0x00000007aba80000)
 ParOldGen       total 731136K, used 707860K [0x00000006c0000000, 0x00000006eca00000, 0x000000076ab00000)
  object space 731136K, 96% used [0x00000006c0000000,0x00000006eb345060,0x00000006eca00000)
 Metaspace       used 6855K, capacity 7538K, committed 7808K, reserved 1056768K
  class space    used 613K, capacity 618K, committed 640K, reserved 1048576K
}
Event: 30.645 GC heap before
{Heap before GC invocations=23 (full 5):
 PSYoungGen      total 1027584K, used 259239K [0x000000076ab00000, 0x00000007c0000000, 0x00000007c0000000)
  eden space 731136K, 0% used [0x000000076ab00000,0x000000076ab00000,0x0000000797500000)
  from space 296448K, 87% used [0x00000007ade80000,0x00000007bdba9ca0,0x00000007c0000000)
  to   space 333312K, 0% used [0x0000000797500000,0x0000000797500000,0x00000007aba80000)
 ParOldGen       total 731136K, used 707860K [0x00000006c0000000, 0x00000006eca00000, 0x000000076ab00000)
  object space 731136K, 96% used [0x00000006c0000000,0x00000006eb345060,0x00000006eca00000)
 Metaspace       used 6855K, capacity 7538K, committed 7808K, reserved 1056768K
  class space    used 613K, capacity 618K, committed 640K, reserved 1048576K

