# JRE version: OpenJDK Runtime Environment (8.0_76-b03) (build 1.8.0_76-release-b03)
# Java VM: OpenJDK 64-Bit Server VM (25.76-b03 mixed mode linux-amd64 compressed oops)
Heap:
 PSYoungGen      total 1016832K, used 0K [0x000000076ab00000, 0x00000007bf000000, 0x00000007c0000000)
  eden space 689152K, 0% used [0x000000076ab00000,0x000000076ab00000,0x0000000794c00000)
  from space 327680K, 0% used [0x00000007a9380000,0x00000007a9380000,0x00000007bd380000)
  to   space 335360K, 0% used [0x0000000794c00000,0x0000000794c00000,0x00000007a9380000)
 ParOldGen       total 1051136K, used 744305K [0x00000006c0000000, 0x0000000700280000, 0x000000076ab00000)
  object space 1051136K, 70% used [0x00000006c0000000,0x00000006ed6dc420,0x0000000700280000)
 Metaspace       used 6946K, capacity 7602K, committed 7808K, reserved 1056768K
  class space    used 615K, capacity 618K, committed 640K, reserved 1048576K
GC Heap History (10 events):
Event: 28.465 GC heap after
Heap after GC invocations=25 (full 5):
 PSYoungGen      total 781824K, used 60095K [0x000000076ab00000, 0x00000007a8100000, 0x00000007c0000000)
  eden space 595968K, 0% used [0x000000076ab00000,0x000000076ab00000,0x000000078f100000)
  from space 185856K, 32% used [0x000000079cb80000,0x00000007a062fc80,0x00000007a8100000)
  to   space 204800K, 0% used [0x000000078f100000,0x000000078f100000,0x000000079b900000)
 ParOldGen       total 1051136K, used 696142K [0x00000006c0000000, 0x0000000700280000, 0x000000076ab00000)
  object space 1051136K, 66% used [0x00000006c0000000,0x00000006ea7d3be0,0x0000000700280000)
 Metaspace       used 6572K, capacity 7280K, committed 7552K, reserved 1056768K
  class space    used 596K, capacity 616K, committed 640K, reserved 1048576K
}
Event: 29.714 GC heap before
{Heap before GC invocations=26 (full 5):
 PSYoungGen      total 781824K, used 656063K [0x000000076ab00000, 0x00000007a8100000, 0x00000007c0000000)
  eden space 595968K, 100% used [0x000000076ab00000,0x000000078f100000,0x000000078f100000)
  from space 185856K, 32% used [0x000000079cb80000,0x00000007a062fc80,0x00000007a8100000)
  to   space 204800K, 0% used [0x000000078f100000,0x000000078f100000,0x000000079b900000)
 ParOldGen       total 1051136K, used 696142K [0x00000006c0000000, 0x0000000700280000, 0x000000076ab00000)
  object space 1051136K, 66% used [0x00000006c0000000,0x00000006ea7d3be0,0x0000000700280000)
 Metaspace       used 6574K, capacity 7280K, committed 7552K, reserved 1056768K
  class space    used 596K, capacity 616K, committed 640K, reserved 1048576K
Event: 29.844 GC heap after
Heap after GC invocations=26 (full 5):
 PSYoungGen      total 800768K, used 146698K [0x000000076ab00000, 0x00000007ad800000, 0x00000007c0000000)
  eden space 595968K, 0% used [0x000000076ab00000,0x000000076ab00000,0x000000078f100000)
  from space 204800K, 71% used [0x000000078f100000,0x0000000798042af0,0x000000079b900000)
  to   space 217600K, 0% used [0x00000007a0380000,0x00000007a0380000,0x00000007ad800000)
 ParOldGen       total 1051136K, used 696142K [0x00000006c0000000, 0x0000000700280000, 0x000000076ab00000)
  object space 1051136K, 66% used [0x00000006c0000000,0x00000006ea7d3be0,0x0000000700280000)
 Metaspace       used 6574K, capacity 7280K, committed 7552K, reserved 1056768K
  class space    used 596K, capacity 616K, committed 640K, reserved 1048576K
}
Event: 31.406 GC heap before
{Heap before GC invocations=27 (full 5):
 PSYoungGen      total 800768K, used 742666K [0x000000076ab00000, 0x00000007ad800000, 0x00000007c0000000)
  eden space 595968K, 100% used [0x000000076ab00000,0x000000078f100000,0x000000078f100000)
  from space 204800K, 71% used [0x000000078f100000,0x0000000798042af0,0x000000079b900000)
  to   space 217600K, 0% used [0x00000007a0380000,0x00000007a0380000,0x00000007ad800000)
 ParOldGen       total 1051136K, used 696142K [0x00000006c0000000, 0x0000000700280000, 0x000000076ab00000)
  object space 1051136K, 66% used [0x00000006c0000000,0x00000006ea7d3be0,0x0000000700280000)
 Metaspace       used 6683K, capacity 7346K, committed 7552K, reserved 1056768K
  class space    used 602K, capacity 618K, committed 640K, reserved 1048576K
Event: 31.687 GC heap after
Heap after GC invocations=27 (full 5):
 PSYoungGen      total 833536K, used 217589K [0x000000076ab00000, 0x00000007b3380000, 0x00000007c0000000)
  eden space 615936K, 0% used [0x000000076ab00000,0x000000076ab00000,0x0000000790480000)
  from space 217600K, 99% used [0x00000007a0380000,0x00000007ad7fd6c0,0x00000007ad800000)
  to   space 261120K, 0% used [0x0000000790480000,0x0000000790480000,0x00000007a0380000)
 ParOldGen       total 1051136K, used 718417K [0x00000006c0000000, 0x0000000700280000, 0x000000076ab00000)
  object space 1051136K, 68% used [0x00000006c0000000,0x00000006ebd946b8,0x0000000700280000)
 Metaspace       used 6683K, capacity 7346K, committed 7552K, reserved 1056768K
  class space    used 602K, capacity 618K, committed 640K, reserved 1048576K
}
Event: 33.194 GC heap before
{Heap before GC invocations=28 (full 5):
 PSYoungGen      total 833536K, used 833525K [0x000000076ab00000, 0x00000007b3380000, 0x00000007c0000000)
  eden space 615936K, 100% used [0x000000076ab00000,0x0000000790480000,0x0000000790480000)
  from space 217600K, 99% used [0x00000007a0380000,0x00000007ad7fd6c0,0x00000007ad800000)
  to   space 261120K, 0% used [0x0000000790480000,0x0000000790480000,0x00000007a0380000)
 ParOldGen       total 1051136K, used 718417K [0x00000006c0000000, 0x0000000700280000, 0x000000076ab00000)
  object space 1051136K, 68% used [0x00000006c0000000,0x00000006ebd946b8,0x0000000700280000)
 Metaspace       used 6926K, capacity 7602K, committed 7808K, reserved 1056768K
  class space    used 614K, capacity 618K, committed 640K, reserved 1048576K
Event: 33.544 GC heap after
Heap after GC invocations=28 (full 5):
 PSYoungGen      total 877056K, used 261097K [0x000000076ab00000, 0x00000007bd380000, 0x00000007c0000000)
  eden space 615936K, 0% used [0x000000076ab00000,0x000000076ab00000,0x0000000790480000)
  from space 261120K, 99% used [0x0000000790480000,0x00000007a037a758,0x00000007a0380000)
  to   space 327680K, 0% used [0x00000007a9380000,0x00000007a9380000,0x00000007bd380000)
 ParOldGen       total 1051136K, used 780403K [0x00000006c0000000, 0x0000000700280000, 0x000000076ab00000)
  object space 1051136K, 74% used [0x00000006c0000000,0x00000006efa1cd20,0x0000000700280000)
 Metaspace       used 6926K, capacity 7602K, committed 7808K, reserved 1056768K
  class space    used 614K, capacity 618K, committed 640K, reserved 1048576K
}
Event: 35.141 GC heap before
{Heap before GC invocations=29 (full 5):
 PSYoungGen      total 877056K, used 877033K [0x000000076ab00000, 0x00000007bd380000, 0x00000007c0000000)
  eden space 615936K, 100% used [0x000000076ab00000,0x0000000790480000,0x0000000790480000)
  from space 261120K, 99% used [0x0000000790480000,0x00000007a037a758,0x00000007a0380000)
  to   space 327680K, 0% used [0x00000007a9380000,0x00000007a9380000,0x00000007bd380000)
 ParOldGen       total 1051136K, used 780403K [0x00000006c0000000, 0x0000000700280000, 0x000000076ab00000)
  object space 1051136K, 74% used [0x00000006c0000000,0x00000006efa1cd20,0x0000000700280000)
 Metaspace       used 6946K, capacity 7602K, committed 7808K, reserved 1056768K
  class space    used 615K, capacity 618K, committed 640K, reserved 1048576K
Event: 35.739 GC heap after
Heap after GC invocations=29 (full 5):
 PSYoungGen      total 1016832K, used 199118K [0x000000076ab00000, 0x00000007bf000000, 0x00000007c0000000)
  eden space 689152K, 0% used [0x000000076ab00000,0x000000076ab00000,0x0000000794c00000)
  from space 327680K, 60% used [0x00000007a9380000,0x00000007b55f3b50,0x00000007bd380000)
  to   space 335360K, 0% used [0x0000000794c00000,0x0000000794c00000,0x00000007a9380000)
 ParOldGen       total 1051136K, used 945486K [0x00000006c0000000, 0x0000000700280000, 0x000000076ab00000)
  object space 1051136K, 89% used [0x00000006c0000000,0x00000006f9b53b08,0x0000000700280000)
 Metaspace       used 6946K, capacity 7602K, committed 7808K, reserved 1056768K
  class space    used 615K, capacity 618K, committed 640K, reserved 1048576K
}
Event: 35.977 GC heap before
{Heap before GC invocations=30 (full 6):
 PSYoungGen      total 1016832K, used 199118K [0x000000076ab00000, 0x00000007bf000000, 0x00000007c0000000)
  eden space 689152K, 0% used [0x000000076ab00000,0x000000076ab00000,0x0000000794c00000)
  from space 327680K, 60% used [0x00000007a9380000,0x00000007b55f3b50,0x00000007bd380000)
  to   space 335360K, 0% used [0x0000000794c00000,0x0000000794c00000,0x00000007a9380000)
 ParOldGen       total 1051136K, used 945486K [0x00000006c0000000, 0x0000000700280000, 0x000000076ab00000)
  object space 1051136K, 89% used [0x00000006c0000000,0x00000006f9b53b08,0x0000000700280000)
 Metaspace       used 6946K, capacity 7602K, committed 7808K, reserved 1056768K
  class space    used 615K, capacity 618K, committed 640K, reserved 1048576K

