# JRE version: OpenJDK Runtime Environment (8.0_76-b03) (build 1.8.0_76-release-b03)
# Java VM: OpenJDK 64-Bit Server VM (25.76-b03 mixed mode linux-amd64 compressed oops)
Heap:
 PSYoungGen      total 548864K, used 76013K [0x00000000d5580000, 0x0000000100000000, 0x0000000100000000)
  eden space 460288K, 0% used [0x00000000d5580000,0x00000000d5580000,0x00000000f1700000)
  from space 88576K, 85% used [0x00000000fa980000,0x00000000ff3bb440,0x0000000100000000)
  to   space 119296K, 0% used [0x00000000f1700000,0x00000000f1700000,0x00000000f8b80000)
 ParOldGen       total 161280K, used 160911K [0x0000000080000000, 0x0000000089d80000, 0x00000000d5580000)
  object space 161280K, 99% used [0x0000000080000000,0x0000000089d23e40,0x0000000089d80000)
 Metaspace       used 6545K, capacity 7280K, committed 7552K, reserved 1056768K
  class space    used 596K, capacity 616K, committed 640K, reserved 1048576K
GC Heap History (10 events):
Event: 3.344 GC heap after
Heap after GC invocations=7 (full 0):
 PSYoungGen      total 275456K, used 28133K [0x00000000d5580000, 0x00000000f9480000, 0x0000000100000000)
  eden space 247296K, 0% used [0x00000000d5580000,0x00000000d5580000,0x00000000e4700000)
  from space 28160K, 99% used [0x00000000e4700000,0x00000000e62796f0,0x00000000e6280000)
  to   space 47104K, 0% used [0x00000000f6680000,0x00000000f6680000,0x00000000f9480000)
 ParOldGen       total 84992K, used 53146K [0x0000000080000000, 0x0000000085300000, 0x00000000d5580000)
  object space 84992K, 62% used [0x0000000080000000,0x00000000833e69f8,0x0000000085300000)
 Metaspace       used 6363K, capacity 7216K, committed 7296K, reserved 1056768K
  class space    used 593K, capacity 616K, committed 640K, reserved 1048576K
}
Event: 4.113 GC heap before
{Heap before GC invocations=8 (full 0):
 PSYoungGen      total 275456K, used 275429K [0x00000000d5580000, 0x00000000f9480000, 0x0000000100000000)
  eden space 247296K, 100% used [0x00000000d5580000,0x00000000e4700000,0x00000000e4700000)
  from space 28160K, 99% used [0x00000000e4700000,0x00000000e62796f0,0x00000000e6280000)
  to   space 47104K, 0% used [0x00000000f6680000,0x00000000f6680000,0x00000000f9480000)
 ParOldGen       total 84992K, used 53146K [0x0000000080000000, 0x0000000085300000, 0x00000000d5580000)
  object space 84992K, 62% used [0x0000000080000000,0x00000000833e69f8,0x0000000085300000)
 Metaspace       used 6455K, capacity 7216K, committed 7296K, reserved 1056768K
  class space    used 593K, capacity 616K, committed 640K, reserved 1048576K
Event: 4.258 GC heap after
Heap after GC invocations=8 (full 0):
 PSYoungGen      total 524800K, used 47098K [0x00000000d5580000, 0x00000000fb580000, 0x0000000100000000)
  eden space 477696K, 0% used [0x00000000d5580000,0x00000000d5580000,0x00000000f2800000)
  from space 47104K, 99% used [0x00000000f6680000,0x00000000f947e8a8,0x00000000f9480000)
  to   space 64000K, 0% used [0x00000000f2800000,0x00000000f2800000,0x00000000f6680000)
 ParOldGen       total 84992K, used 70355K [0x0000000080000000, 0x0000000085300000, 0x00000000d5580000)
  object space 84992K, 82% used [0x0000000080000000,0x00000000844b4c98,0x0000000085300000)
 Metaspace       used 6455K, capacity 7216K, committed 7296K, reserved 1056768K
  class space    used 593K, capacity 616K, committed 640K, reserved 1048576K
}
Event: 4.258 GC heap before
{Heap before GC invocations=9 (full 1):
 PSYoungGen      total 524800K, used 47098K [0x00000000d5580000, 0x00000000fb580000, 0x0000000100000000)
  eden space 477696K, 0% used [0x00000000d5580000,0x00000000d5580000,0x00000000f2800000)
  from space 47104K, 99% used [0x00000000f6680000,0x00000000f947e8a8,0x00000000f9480000)
  to   space 64000K, 0% used [0x00000000f2800000,0x00000000f2800000,0x00000000f6680000)
 ParOldGen       total 84992K, used 70355K [0x0000000080000000, 0x0000000085300000, 0x00000000d5580000)
  object space 84992K, 82% used [0x0000000080000000,0x00000000844b4c98,0x0000000085300000)
 Metaspace       used 6455K, capacity 7216K, committed 7296K, reserved 1056768K
  class space    used 593K, capacity 616K, committed 640K, reserved 1048576K
Event: 4.846 GC heap after
Heap after GC invocations=9 (full 1):
 PSYoungGen      total 524800K, used 26989K [0x00000000d5580000, 0x00000000fb580000, 0x0000000100000000)
  eden space 477696K, 0% used [0x00000000d5580000,0x00000000d5580000,0x00000000f2800000)
  from space 47104K, 57% used [0x00000000f6680000,0x00000000f80db5e8,0x00000000f9480000)
  to   space 64000K, 0% used [0x00000000f2800000,0x00000000f2800000,0x00000000f6680000)
 ParOldGen       total 161280K, used 84513K [0x0000000080000000, 0x0000000089d80000, 0x00000000d5580000)
  object space 161280K, 52% used [0x0000000080000000,0x00000000852887f0,0x0000000089d80000)
 Metaspace       used 6455K, capacity 7216K, committed 7296K, reserved 1056768K
  class space    used 593K, capacity 616K, committed 640K, reserved 1048576K
}
Event: 9.005 GC heap before
{Heap before GC invocations=10 (full 1):
 PSYoungGen      total 524800K, used 504685K [0x00000000d5580000, 0x00000000fb580000, 0x0000000100000000)
  eden space 477696K, 100% used [0x00000000d5580000,0x00000000f2800000,0x00000000f2800000)
  from space 47104K, 57% used [0x00000000f6680000,0x00000000f80db5e8,0x00000000f9480000)
  to   space 64000K, 0% used [0x00000000f2800000,0x00000000f2800000,0x00000000f6680000)
 ParOldGen       total 161280K, used 84513K [0x0000000080000000, 0x0000000089d80000, 0x00000000d5580000)
  object space 161280K, 52% used [0x0000000080000000,0x00000000852887f0,0x0000000089d80000)
 Metaspace       used 6518K, capacity 7280K, committed 7552K, reserved 1056768K
  class space    used 593K, capacity 616K, committed 640K, reserved 1048576K
Event: 9.290 GC heap after
Heap after GC invocations=10 (full 1):
 PSYoungGen      total 541696K, used 63985K [0x00000000d5580000, 0x0000000100000000, 0x0000000100000000)
  eden space 477696K, 0% used [0x00000000d5580000,0x00000000d5580000,0x00000000f2800000)
  from space 64000K, 99% used [0x00000000f2800000,0x00000000f667c768,0x00000000f6680000)
  to   space 88576K, 0% used [0x00000000fa980000,0x00000000fa980000,0x0000000100000000)
 ParOldGen       total 161280K, used 114998K [0x0000000080000000, 0x0000000089d80000, 0x00000000d5580000)
  object space 161280K, 71% used [0x0000000080000000,0x000000008704d848,0x0000000089d80000)
 Metaspace       used 6518K, capacity 7280K, committed 7552K, reserved 1056768K
  class space    used 593K, capacity 616K, committed 640K, reserved 1048576K
}
Event: 11.776 GC heap before
{Heap before GC invocations=11 (full 1):
 PSYoungGen      total 541696K, used 541681K [0x00000000d5580000, 0x0000000100000000, 0x0000000100000000)
  eden space 477696K, 100% used [0x00000000d5580000,0x00000000f2800000,0x00000000f2800000)
  from space 64000K, 99% used [0x00000000f2800000,0x00000000f667c768,0x00000000f6680000)
  to   space 88576K, 0% used [0x00000000fa980000,0x00000000fa980000,0x0000000100000000)
 ParOldGen       total 161280K, used 114998K [0x0000000080000000, 0x0000000089d80000, 0x00000000d5580000)
  object space 161280K, 71% used [0x0000000080000000,0x000000008704d848,0x0000000089d80000)
 Metaspace       used 6545K, capacity 7280K, committed 7552K, reserved 1056768K
  class space    used 596K, capacity 616K, committed 640K, reserved 1048576K
Event: 12.720 GC heap after
Heap after GC invocations=11 (full 1):
 PSYoungGen      total 548864K, used 88546K [0x00000000d5580000, 0x0000000100000000, 0x0000000100000000)
  eden space 460288K, 0% used [0x00000000d5580000,0x00000000d5580000,0x00000000f1700000)
  from space 88576K, 99% used [0x00000000fa980000,0x00000000ffff8b70,0x0000000100000000)
  to   space 119296K, 0% used [0x00000000f1700000,0x00000000f1700000,0x00000000f8b80000)
 ParOldGen       total 161280K, used 155948K [0x0000000080000000, 0x0000000089d80000, 0x00000000d5580000)
  object space 161280K, 96% used [0x0000000080000000,0x000000008984b170,0x0000000089d80000)
 Metaspace       used 6545K, capacity 7280K, committed 7552K, reserved 1056768K
  class space    used 596K, capacity 616K, committed 640K, reserved 1048576K
}
Event: 13.010 GC heap before
{Heap before GC invocations=12 (full 2):
 PSYoungGen      total 548864K, used 88546K [0x00000000d5580000, 0x0000000100000000, 0x0000000100000000)
  eden space 460288K, 0% used [0x00000000d5580000,0x00000000d5580000,0x00000000f1700000)
  from space 88576K, 99% used [0x00000000fa980000,0x00000000ffff8b70,0x0000000100000000)
  to   space 119296K, 0% used [0x00000000f1700000,0x00000000f1700000,0x00000000f8b80000)
 ParOldGen       total 161280K, used 155948K [0x0000000080000000, 0x0000000089d80000, 0x00000000d5580000)
  object space 161280K, 96% used [0x0000000080000000,0x000000008984b170,0x0000000089d80000)
 Metaspace       used 6545K, capacity 7280K, committed 7552K, reserved 1056768K
  class space    used 596K, capacity 616K, committed 640K, reserved 1048576K

