# JRE version: OpenJDK Runtime Environment (8.0_76-b03) (build 1.8.0_76-release-b03)
# Java VM: OpenJDK 64-Bit Server VM (25.76-b03 mixed mode linux-amd64 compressed oops)
Heap:
 PSYoungGen      total 974848K, used 143143K [0x000000076ab00000, 0x00000007c0000000, 0x00000007c0000000)
  eden space 697344K, 0% used [0x000000076ab00000,0x000000076ab00000,0x0000000795400000)
  from space 277504K, 51% used [0x00000007af100000,0x00000007b7cc9dd8,0x00000007c0000000)
  to   space 350208K, 0% used [0x0000000795400000,0x0000000795400000,0x00000007aaa00000)
 ParOldGen       total 744448K, used 744129K [0x00000006c0000000, 0x00000006ed700000, 0x000000076ab00000)
  object space 744448K, 99% used [0x00000006c0000000,0x00000006ed6b0780,0x00000006ed700000)
 Metaspace       used 6694K, capacity 7346K, committed 7552K, reserved 1056768K
  class space    used 603K, capacity 618K, committed 640K, reserved 1048576K
GC Heap History (10 events):
Event: 23.216 GC heap after
Heap after GC invocations=18 (full 4):
 PSYoungGen      total 861184K, used 156890K [0x000000076ab00000, 0x00000007b6d80000, 0x00000007c0000000)
  eden space 684032K, 0% used [0x000000076ab00000,0x000000076ab00000,0x0000000794700000)
  from space 177152K, 88% used [0x00000007a3980000,0x00000007ad2b6850,0x00000007ae680000)
  to   space 248320K, 0% used [0x0000000794700000,0x0000000794700000,0x00000007a3980000)
 ParOldGen       total 744448K, used 469563K [0x00000006c0000000, 0x00000006ed700000, 0x000000076ab00000)
  object space 744448K, 63% used [0x00000006c0000000,0x00000006dca8ee60,0x00000006ed700000)
 Metaspace       used 6561K, capacity 7280K, committed 7552K, reserved 1056768K
  class space    used 595K, capacity 616K, committed 640K, reserved 1048576K
}
Event: 25.895 GC heap before
{Heap before GC invocations=19 (full 4):
 PSYoungGen      total 861184K, used 840922K [0x000000076ab00000, 0x00000007b6d80000, 0x00000007c0000000)
  eden space 684032K, 100% used [0x000000076ab00000,0x0000000794700000,0x0000000794700000)
  from space 177152K, 88% used [0x00000007a3980000,0x00000007ad2b6850,0x00000007ae680000)
  to   space 248320K, 0% used [0x0000000794700000,0x0000000794700000,0x00000007a3980000)
 ParOldGen       total 744448K, used 469563K [0x00000006c0000000, 0x00000006ed700000, 0x000000076ab00000)
  object space 744448K, 63% used [0x00000006c0000000,0x00000006dca8ee60,0x00000006ed700000)
 Metaspace       used 6561K, capacity 7280K, committed 7552K, reserved 1056768K
  class space    used 595K, capacity 616K, committed 640K, reserved 1048576K
Event: 26.194 GC heap after
Heap after GC invocations=19 (full 4):
 PSYoungGen      total 932352K, used 132677K [0x000000076ab00000, 0x00000007b9100000, 0x00000007c0000000)
  eden space 684032K, 0% used [0x000000076ab00000,0x000000076ab00000,0x0000000794700000)
  from space 248320K, 53% used [0x0000000794700000,0x000000079c891558,0x00000007a3980000)
  to   space 249856K, 0% used [0x00000007a9d00000,0x00000007a9d00000,0x00000007b9100000)
 ParOldGen       total 744448K, used 608616K [0x00000006c0000000, 0x00000006ed700000, 0x000000076ab00000)
  object space 744448K, 81% used [0x00000006c0000000,0x00000006e525a1a8,0x00000006ed700000)
 Metaspace       used 6561K, capacity 7280K, committed 7552K, reserved 1056768K
  class space    used 595K, capacity 616K, committed 640K, reserved 1048576K
}
Event: 27.779 GC heap before
{Heap before GC invocations=20 (full 4):
 PSYoungGen      total 932352K, used 816709K [0x000000076ab00000, 0x00000007b9100000, 0x00000007c0000000)
  eden space 684032K, 100% used [0x000000076ab00000,0x0000000794700000,0x0000000794700000)
  from space 248320K, 53% used [0x0000000794700000,0x000000079c891558,0x00000007a3980000)
  to   space 249856K, 0% used [0x00000007a9d00000,0x00000007a9d00000,0x00000007b9100000)
 ParOldGen       total 744448K, used 608616K [0x00000006c0000000, 0x00000006ed700000, 0x000000076ab00000)
  object space 744448K, 81% used [0x00000006c0000000,0x00000006e525a1a8,0x00000006ed700000)
 Metaspace       used 6562K, capacity 7280K, committed 7552K, reserved 1056768K
  class space    used 596K, capacity 616K, committed 640K, reserved 1048576K
Event: 27.895 GC heap after
Heap after GC invocations=20 (full 4):
 PSYoungGen      total 1011712K, used 109962K [0x000000076ab00000, 0x00000007b7d80000, 0x00000007c0000000)
  eden space 781824K, 0% used [0x000000076ab00000,0x000000076ab00000,0x000000079a680000)
  from space 229888K, 47% used [0x00000007a9d00000,0x00000007b0862ae0,0x00000007b7d80000)
  to   space 241152K, 0% used [0x000000079a680000,0x000000079a680000,0x00000007a9200000)
 ParOldGen       total 744448K, used 608616K [0x00000006c0000000, 0x00000006ed700000, 0x000000076ab00000)
  object space 744448K, 81% used [0x00000006c0000000,0x00000006e525a1a8,0x00000006ed700000)
 Metaspace       used 6562K, capacity 7280K, committed 7552K, reserved 1056768K
  class space    used 596K, capacity 616K, committed 640K, reserved 1048576K
}
Event: 29.833 GC heap before
{Heap before GC invocations=21 (full 4):
 PSYoungGen      total 1011712K, used 891786K [0x000000076ab00000, 0x00000007b7d80000, 0x00000007c0000000)
  eden space 781824K, 100% used [0x000000076ab00000,0x000000079a680000,0x000000079a680000)
  from space 229888K, 47% used [0x00000007a9d00000,0x00000007b0862ae0,0x00000007b7d80000)
  to   space 241152K, 0% used [0x000000079a680000,0x000000079a680000,0x00000007a9200000)
 ParOldGen       total 744448K, used 608616K [0x00000006c0000000, 0x00000006ed700000, 0x000000076ab00000)
  object space 744448K, 81% used [0x00000006c0000000,0x00000006e525a1a8,0x00000006ed700000)
 Metaspace       used 6567K, capacity 7280K, committed 7552K, reserved 1056768K
  class space    used 596K, capacity 616K, committed 640K, reserved 1048576K
Event: 30.071 GC heap after
Heap after GC invocations=21 (full 4):
 PSYoungGen      total 1022976K, used 230325K [0x000000076ab00000, 0x00000007c0000000, 0x00000007c0000000)
  eden space 781824K, 0% used [0x000000076ab00000,0x000000076ab00000,0x000000079a680000)
  from space 241152K, 95% used [0x000000079a680000,0x00000007a876d660,0x00000007a9200000)
  to   space 277504K, 0% used [0x00000007af100000,0x00000007af100000,0x00000007c0000000)
 ParOldGen       total 744448K, used 608616K [0x00000006c0000000, 0x00000006ed700000, 0x000000076ab00000)
  object space 744448K, 81% used [0x00000006c0000000,0x00000006e525a1a8,0x00000006ed700000)
 Metaspace       used 6567K, capacity 7280K, committed 7552K, reserved 1056768K
  class space    used 596K, capacity 616K, committed 640K, reserved 1048576K
}
Event: 32.269 GC heap before
{Heap before GC invocations=22 (full 4):
 PSYoungGen      total 1022976K, used 1012149K [0x000000076ab00000, 0x00000007c0000000, 0x00000007c0000000)
  eden space 781824K, 100% used [0x000000076ab00000,0x000000079a680000,0x000000079a680000)
  from space 241152K, 95% used [0x000000079a680000,0x00000007a876d660,0x00000007a9200000)
  to   space 277504K, 0% used [0x00000007af100000,0x00000007af100000,0x00000007c0000000)
 ParOldGen       total 744448K, used 608616K [0x00000006c0000000, 0x00000006ed700000, 0x000000076ab00000)
  object space 744448K, 81% used [0x00000006c0000000,0x00000006e525a1a8,0x00000006ed700000)
 Metaspace       used 6694K, capacity 7346K, committed 7552K, reserved 1056768K
  class space    used 603K, capacity 618K, committed 640K, reserved 1048576K
Event: 32.746 GC heap after
Heap after GC invocations=22 (full 4):
 PSYoungGen      total 974848K, used 277501K [0x000000076ab00000, 0x00000007c0000000, 0x00000007c0000000)
  eden space 697344K, 0% used [0x000000076ab00000,0x000000076ab00000,0x0000000795400000)
  from space 277504K, 99% used [0x00000007af100000,0x00000007bffff508,0x00000007c0000000)
  to   space 350208K, 0% used [0x0000000795400000,0x0000000795400000,0x00000007aaa00000)
 ParOldGen       total 744448K, used 679901K [0x00000006c0000000, 0x00000006ed700000, 0x000000076ab00000)
  object space 744448K, 91% used [0x00000006c0000000,0x00000006e97f7640,0x00000006ed700000)
 Metaspace       used 6694K, capacity 7346K, committed 7552K, reserved 1056768K
  class space    used 603K, capacity 618K, committed 640K, reserved 1048576K
}
Event: 32.746 GC heap before
{Heap before GC invocations=23 (full 5):
 PSYoungGen      total 974848K, used 277501K [0x000000076ab00000, 0x00000007c0000000, 0x00000007c0000000)
  eden space 697344K, 0% used [0x000000076ab00000,0x000000076ab00000,0x0000000795400000)
  from space 277504K, 99% used [0x00000007af100000,0x00000007bffff508,0x00000007c0000000)
  to   space 350208K, 0% used [0x0000000795400000,0x0000000795400000,0x00000007aaa00000)
 ParOldGen       total 744448K, used 679901K [0x00000006c0000000, 0x00000006ed700000, 0x000000076ab00000)
  object space 744448K, 91% used [0x00000006c0000000,0x00000006e97f7640,0x00000006ed700000)
 Metaspace       used 6694K, capacity 7346K, committed 7552K, reserved 1056768K
  class space    used 603K, capacity 618K, committed 640K, reserved 1048576K

