# JRE version: OpenJDK Runtime Environment (8.0_76-b03) (build 1.8.0_76-release-b03)
# Java VM: OpenJDK 64-Bit Server VM (25.76-b03 mixed mode linux-amd64 compressed oops)
Heap:
 PSYoungGen      total 971264K, used 144507K [0x000000076ab00000, 0x00000007c0000000, 0x00000007c0000000)
  eden space 684032K, 0% used [0x000000076ab00000,0x000000076ab00000,0x0000000794700000)
  from space 287232K, 50% used [0x00000007ae780000,0x00000007b749ef18,0x00000007c0000000)
  to   space 356864K, 0% used [0x0000000794700000,0x0000000794700000,0x00000007aa380000)
 ParOldGen       total 743424K, used 743267K [0x00000006c0000000, 0x00000006ed600000, 0x000000076ab00000)
  object space 743424K, 99% used [0x00000006c0000000,0x00000006ed5d8c88,0x00000006ed600000)
 Metaspace       used 6702K, capacity 7410K, committed 7552K, reserved 1056768K
  class space    used 603K, capacity 618K, committed 640K, reserved 1048576K
GC Heap History (10 events):
Event: 20.641 GC heap after
Heap after GC invocations=18 (full 4):
 PSYoungGen      total 863232K, used 142563K [0x000000076ab00000, 0x00000007b6500000, 0x00000007c0000000)
  eden space 684544K, 0% used [0x000000076ab00000,0x000000076ab00000,0x0000000794780000)
  from space 178688K, 79% used [0x00000007a3700000,0x00000007ac238df8,0x00000007ae580000)
  to   space 245248K, 0% used [0x0000000794780000,0x0000000794780000,0x00000007a3700000)
 ParOldGen       total 743424K, used 471996K [0x00000006c0000000, 0x00000006ed600000, 0x000000076ab00000)
  object space 743424K, 63% used [0x00000006c0000000,0x00000006dccef2b0,0x00000006ed600000)
 Metaspace       used 6569K, capacity 7280K, committed 7552K, reserved 1056768K
  class space    used 596K, capacity 616K, committed 640K, reserved 1048576K
}
Event: 22.818 GC heap before
{Heap before GC invocations=19 (full 4):
 PSYoungGen      total 863232K, used 827107K [0x000000076ab00000, 0x00000007b6500000, 0x00000007c0000000)
  eden space 684544K, 100% used [0x000000076ab00000,0x0000000794780000,0x0000000794780000)
  from space 178688K, 79% used [0x00000007a3700000,0x00000007ac238df8,0x00000007ae580000)
  to   space 245248K, 0% used [0x0000000794780000,0x0000000794780000,0x00000007a3700000)
 ParOldGen       total 743424K, used 471996K [0x00000006c0000000, 0x00000006ed600000, 0x000000076ab00000)
  object space 743424K, 63% used [0x00000006c0000000,0x00000006dccef2b0,0x00000006ed600000)
 Metaspace       used 6569K, capacity 7280K, committed 7552K, reserved 1056768K
  class space    used 596K, capacity 616K, committed 640K, reserved 1048576K
Event: 23.098 GC heap after
Heap after GC invocations=19 (full 4):
 PSYoungGen      total 929792K, used 187442K [0x000000076ab00000, 0x00000007bb800000, 0x00000007c0000000)
  eden space 684544K, 0% used [0x000000076ab00000,0x000000076ab00000,0x0000000794780000)
  from space 245248K, 76% used [0x0000000794780000,0x000000079fe8ca18,0x00000007a3700000)
  to   space 267264K, 0% used [0x00000007ab300000,0x00000007ab300000,0x00000007bb800000)
 ParOldGen       total 743424K, used 594998K [0x00000006c0000000, 0x00000006ed600000, 0x000000076ab00000)
  object space 743424K, 80% used [0x00000006c0000000,0x00000006e450db00,0x00000006ed600000)
 Metaspace       used 6569K, capacity 7280K, committed 7552K, reserved 1056768K
  class space    used 596K, capacity 616K, committed 640K, reserved 1048576K
}
Event: 24.808 GC heap before
{Heap before GC invocations=20 (full 4):
 PSYoungGen      total 929792K, used 871986K [0x000000076ab00000, 0x00000007bb800000, 0x00000007c0000000)
  eden space 684544K, 100% used [0x000000076ab00000,0x0000000794780000,0x0000000794780000)
  from space 245248K, 76% used [0x0000000794780000,0x000000079fe8ca18,0x00000007a3700000)
  to   space 267264K, 0% used [0x00000007ab300000,0x00000007ab300000,0x00000007bb800000)
 ParOldGen       total 743424K, used 594998K [0x00000006c0000000, 0x00000006ed600000, 0x000000076ab00000)
  object space 743424K, 80% used [0x00000006c0000000,0x00000006e450db00,0x00000006ed600000)
 Metaspace       used 6571K, capacity 7280K, committed 7552K, reserved 1056768K
  class space    used 596K, capacity 616K, committed 640K, reserved 1048576K
Event: 24.911 GC heap after
Heap after GC invocations=20 (full 4):
 PSYoungGen      total 1017856K, used 106136K [0x000000076ab00000, 0x00000007b9880000, 0x00000007c0000000)
  eden space 782848K, 0% used [0x000000076ab00000,0x000000076ab00000,0x000000079a780000)
  from space 235008K, 45% used [0x00000007ab300000,0x00000007b1aa6190,0x00000007b9880000)
  to   space 254464K, 0% used [0x000000079a780000,0x000000079a780000,0x00000007aa000000)
 ParOldGen       total 743424K, used 594998K [0x00000006c0000000, 0x00000006ed600000, 0x000000076ab00000)
  object space 743424K, 80% used [0x00000006c0000000,0x00000006e450db00,0x00000006ed600000)
 Metaspace       used 6571K, capacity 7280K, committed 7552K, reserved 1056768K
  class space    used 596K, capacity 616K, committed 640K, reserved 1048576K
}
Event: 26.573 GC heap before
{Heap before GC invocations=21 (full 4):
 PSYoungGen      total 1017856K, used 888984K [0x000000076ab00000, 0x00000007b9880000, 0x00000007c0000000)
  eden space 782848K, 100% used [0x000000076ab00000,0x000000079a780000,0x000000079a780000)
  from space 235008K, 45% used [0x00000007ab300000,0x00000007b1aa6190,0x00000007b9880000)
  to   space 254464K, 0% used [0x000000079a780000,0x000000079a780000,0x00000007aa000000)
 ParOldGen       total 743424K, used 594998K [0x00000006c0000000, 0x00000006ed600000, 0x000000076ab00000)
  object space 743424K, 80% used [0x00000006c0000000,0x00000006e450db00,0x00000006ed600000)
 Metaspace       used 6574K, capacity 7280K, committed 7552K, reserved 1056768K
  class space    used 596K, capacity 616K, committed 640K, reserved 1048576K
Event: 26.799 GC heap after
Heap after GC invocations=21 (full 4):
 PSYoungGen      total 1037312K, used 227070K [0x000000076ab00000, 0x00000007c0000000, 0x00000007c0000000)
  eden space 782848K, 0% used [0x000000076ab00000,0x000000076ab00000,0x000000079a780000)
  from space 254464K, 89% used [0x000000079a780000,0x00000007a853f840,0x00000007aa000000)
  to   space 287232K, 0% used [0x00000007ae780000,0x00000007ae780000,0x00000007c0000000)
 ParOldGen       total 743424K, used 594998K [0x00000006c0000000, 0x00000006ed600000, 0x000000076ab00000)
  object space 743424K, 80% used [0x00000006c0000000,0x00000006e450db00,0x00000006ed600000)
 Metaspace       used 6574K, capacity 7280K, committed 7552K, reserved 1056768K
  class space    used 596K, capacity 616K, committed 640K, reserved 1048576K
}
Event: 28.790 GC heap before
{Heap before GC invocations=22 (full 4):
 PSYoungGen      total 1037312K, used 1009918K [0x000000076ab00000, 0x00000007c0000000, 0x00000007c0000000)
  eden space 782848K, 100% used [0x000000076ab00000,0x000000079a780000,0x000000079a780000)
  from space 254464K, 89% used [0x000000079a780000,0x00000007a853f840,0x00000007aa000000)
  to   space 287232K, 0% used [0x00000007ae780000,0x00000007ae780000,0x00000007c0000000)
 ParOldGen       total 743424K, used 594998K [0x00000006c0000000, 0x00000006ed600000, 0x000000076ab00000)
  object space 743424K, 80% used [0x00000006c0000000,0x00000006e450db00,0x00000006ed600000)
 Metaspace       used 6702K, capacity 7410K, committed 7552K, reserved 1056768K
  class space    used 603K, capacity 618K, committed 640K, reserved 1048576K
Event: 29.270 GC heap after
Heap after GC invocations=22 (full 4):
 PSYoungGen      total 971264K, used 287219K [0x000000076ab00000, 0x00000007c0000000, 0x00000007c0000000)
  eden space 684032K, 0% used [0x000000076ab00000,0x000000076ab00000,0x0000000794700000)
  from space 287232K, 99% used [0x00000007ae780000,0x00000007bfffcee0,0x00000007c0000000)
  to   space 356864K, 0% used [0x0000000794700000,0x0000000794700000,0x00000007aa380000)
 ParOldGen       total 743424K, used 653255K [0x00000006c0000000, 0x00000006ed600000, 0x000000076ab00000)
  object space 743424K, 87% used [0x00000006c0000000,0x00000006e7df1ea0,0x00000006ed600000)
 Metaspace       used 6702K, capacity 7410K, committed 7552K, reserved 1056768K
  class space    used 603K, capacity 618K, committed 640K, reserved 1048576K
}
Event: 29.270 GC heap before
{Heap before GC invocations=23 (full 5):
 PSYoungGen      total 971264K, used 287219K [0x000000076ab00000, 0x00000007c0000000, 0x00000007c0000000)
  eden space 684032K, 0% used [0x000000076ab00000,0x000000076ab00000,0x0000000794700000)
  from space 287232K, 99% used [0x00000007ae780000,0x00000007bfffcee0,0x00000007c0000000)
  to   space 356864K, 0% used [0x0000000794700000,0x0000000794700000,0x00000007aa380000)
 ParOldGen       total 743424K, used 653255K [0x00000006c0000000, 0x00000006ed600000, 0x000000076ab00000)
  object space 743424K, 87% used [0x00000006c0000000,0x00000006e7df1ea0,0x00000006ed600000)
 Metaspace       used 6702K, capacity 7410K, committed 7552K, reserved 1056768K
  class space    used 603K, capacity 618K, committed 640K, reserved 1048576K

