# JRE version: OpenJDK Runtime Environment (8.0_76-b03) (build 1.8.0_76-release-b03)
# Java VM: OpenJDK 64-Bit Server VM (25.76-b03 mixed mode linux-amd64 compressed oops)
Heap:
 PSYoungGen      total 799232K, used 134117K [0x000000076ab00000, 0x00000007a3a80000, 0x00000007c0000000)
  eden space 665088K, 0% used [0x000000076ab00000,0x000000076ab00000,0x0000000793480000)
  from space 134144K, 99% used [0x0000000793480000,0x000000079b779410,0x000000079b780000)
  to   space 120832K, 0% used [0x000000079c300000,0x000000079c300000,0x00000007a3900000)
 ParOldGen       total 462336K, used 356632K [0x00000006c0000000, 0x00000006dc380000, 0x000000076ab00000)
  object space 462336K, 77% used [0x00000006c0000000,0x00000006d5c46320,0x00000006dc380000)
 Metaspace       used 6543K, capacity 7280K, committed 7552K, reserved 1056768K
  class space    used 595K, capacity 616K, committed 640K, reserved 1048576K
GC Heap History (10 events):
Event: 13.086 GC heap after
Heap after GC invocations=11 (full 1):
 PSYoungGen      total 658944K, used 87537K [0x000000076ab00000, 0x000000079e280000, 0x00000007c0000000)
  eden space 571392K, 0% used [0x000000076ab00000,0x000000076ab00000,0x000000078d900000)
  from space 87552K, 99% used [0x0000000794c00000,0x000000079a17c408,0x000000079a180000)
  to   space 117760K, 0% used [0x000000078d900000,0x000000078d900000,0x0000000794c00000)
 ParOldGen       total 161280K, used 153923K [0x00000006c0000000, 0x00000006c9d80000, 0x000000076ab00000)
  object space 161280K, 95% used [0x00000006c0000000,0x00000006c9650c60,0x00000006c9d80000)
 Metaspace       used 6523K, capacity 7280K, committed 7552K, reserved 1056768K
  class space    used 595K, capacity 616K, committed 640K, reserved 1048576K
}
Event: 13.086 GC heap before
{Heap before GC invocations=12 (full 2):
 PSYoungGen      total 658944K, used 87537K [0x000000076ab00000, 0x000000079e280000, 0x00000007c0000000)
  eden space 571392K, 0% used [0x000000076ab00000,0x000000076ab00000,0x000000078d900000)
  from space 87552K, 99% used [0x0000000794c00000,0x000000079a17c408,0x000000079a180000)
  to   space 117760K, 0% used [0x000000078d900000,0x000000078d900000,0x0000000794c00000)
 ParOldGen       total 161280K, used 153923K [0x00000006c0000000, 0x00000006c9d80000, 0x000000076ab00000)
  object space 161280K, 95% used [0x00000006c0000000,0x00000006c9650c60,0x00000006c9d80000)
 Metaspace       used 6523K, capacity 7280K, committed 7552K, reserved 1056768K
  class space    used 595K, capacity 616K, committed 640K, reserved 1048576K
Event: 14.680 GC heap after
Heap after GC invocations=12 (full 2):
 PSYoungGen      total 658944K, used 74974K [0x000000076ab00000, 0x000000079e280000, 0x00000007c0000000)
  eden space 571392K, 0% used [0x000000076ab00000,0x000000076ab00000,0x000000078d900000)
  from space 87552K, 85% used [0x0000000794c00000,0x0000000799537888,0x000000079a180000)
  to   space 117760K, 0% used [0x000000078d900000,0x000000078d900000,0x0000000794c00000)
 ParOldGen       total 284160K, used 161088K [0x00000006c0000000, 0x00000006d1580000, 0x000000076ab00000)
  object space 284160K, 56% used [0x00000006c0000000,0x00000006c9d503d0,0x00000006d1580000)
 Metaspace       used 6523K, capacity 7280K, committed 7552K, reserved 1056768K
  class space    used 595K, capacity 616K, committed 640K, reserved 1048576K
}
Event: 17.264 GC heap before
{Heap before GC invocations=13 (full 2):
 PSYoungGen      total 658944K, used 646366K [0x000000076ab00000, 0x000000079e280000, 0x00000007c0000000)
  eden space 571392K, 100% used [0x000000076ab00000,0x000000078d900000,0x000000078d900000)
  from space 87552K, 85% used [0x0000000794c00000,0x0000000799537888,0x000000079a180000)
  to   space 117760K, 0% used [0x000000078d900000,0x000000078d900000,0x0000000794c00000)
 ParOldGen       total 284160K, used 161088K [0x00000006c0000000, 0x00000006d1580000, 0x000000076ab00000)
  object space 284160K, 56% used [0x00000006c0000000,0x00000006c9d503d0,0x00000006d1580000)
 Metaspace       used 6538K, capacity 7280K, committed 7552K, reserved 1056768K
  class space    used 595K, capacity 616K, committed 640K, reserved 1048576K
Event: 17.599 GC heap after
Heap after GC invocations=13 (full 2):
 PSYoungGen      total 689152K, used 68524K [0x000000076ab00000, 0x00000007a3900000, 0x00000007c0000000)
  eden space 571392K, 0% used [0x000000076ab00000,0x000000076ab00000,0x000000078d900000)
  from space 117760K, 58% used [0x000000078d900000,0x0000000791beb1f0,0x0000000794c00000)
  to   space 120832K, 0% used [0x000000079c300000,0x000000079c300000,0x00000007a3900000)
 ParOldGen       total 284160K, used 236473K [0x00000006c0000000, 0x00000006d1580000, 0x000000076ab00000)
  object space 284160K, 83% used [0x00000006c0000000,0x00000006ce6ee638,0x00000006d1580000)
 Metaspace       used 6538K, capacity 7280K, committed 7552K, reserved 1056768K
  class space    used 595K, capacity 616K, committed 640K, reserved 1048576K
}
Event: 17.599 GC heap before
{Heap before GC invocations=14 (full 3):
 PSYoungGen      total 689152K, used 68524K [0x000000076ab00000, 0x00000007a3900000, 0x00000007c0000000)
  eden space 571392K, 0% used [0x000000076ab00000,0x000000076ab00000,0x000000078d900000)
  from space 117760K, 58% used [0x000000078d900000,0x0000000791beb1f0,0x0000000794c00000)
  to   space 120832K, 0% used [0x000000079c300000,0x000000079c300000,0x00000007a3900000)
 ParOldGen       total 284160K, used 236473K [0x00000006c0000000, 0x00000006d1580000, 0x000000076ab00000)
  object space 284160K, 83% used [0x00000006c0000000,0x00000006ce6ee638,0x00000006d1580000)
 Metaspace       used 6538K, capacity 7280K, committed 7552K, reserved 1056768K
  class space    used 595K, capacity 616K, committed 640K, reserved 1048576K
Event: 19.348 GC heap after
Heap after GC invocations=14 (full 3):
 PSYoungGen      total 689152K, used 14992K [0x000000076ab00000, 0x00000007a3900000, 0x00000007c0000000)
  eden space 571392K, 0% used [0x000000076ab00000,0x000000076ab00000,0x000000078d900000)
  from space 117760K, 12% used [0x000000078d900000,0x000000078e7a41f0,0x0000000794c00000)
  to   space 120832K, 0% used [0x000000079c300000,0x000000079c300000,0x00000007a3900000)
 ParOldGen       total 462336K, used 284049K [0x00000006c0000000, 0x00000006dc380000, 0x000000076ab00000)
  object space 462336K, 61% used [0x00000006c0000000,0x00000006d15644a8,0x00000006dc380000)
 Metaspace       used 6538K, capacity 7280K, committed 7552K, reserved 1056768K
  class space    used 595K, capacity 616K, committed 640K, reserved 1048576K
}
Event: 21.907 GC heap before
{Heap before GC invocations=15 (full 3):
 PSYoungGen      total 689152K, used 586384K [0x000000076ab00000, 0x00000007a3900000, 0x00000007c0000000)
  eden space 571392K, 100% used [0x000000076ab00000,0x000000078d900000,0x000000078d900000)
  from space 117760K, 12% used [0x000000078d900000,0x000000078e7a41f0,0x0000000794c00000)
  to   space 120832K, 0% used [0x000000079c300000,0x000000079c300000,0x00000007a3900000)
 ParOldGen       total 462336K, used 284049K [0x00000006c0000000, 0x00000006dc380000, 0x000000076ab00000)
  object space 462336K, 61% used [0x00000006c0000000,0x00000006d15644a8,0x00000006dc380000)
 Metaspace       used 6541K, capacity 7280K, committed 7552K, reserved 1056768K
  class space    used 595K, capacity 616K, committed 640K, reserved 1048576K
Event: 22.266 GC heap after
Heap after GC invocations=15 (full 3):
 PSYoungGen      total 785920K, used 100474K [0x000000076ab00000, 0x00000007a3a80000, 0x00000007c0000000)
  eden space 665088K, 0% used [0x000000076ab00000,0x000000076ab00000,0x0000000793480000)
  from space 120832K, 83% used [0x000000079c300000,0x00000007a251e980,0x00000007a3900000)
  to   space 134144K, 0% used [0x0000000793480000,0x0000000793480000,0x000000079b780000)
 ParOldGen       total 462336K, used 284049K [0x00000006c0000000, 0x00000006dc380000, 0x000000076ab00000)
  object space 462336K, 61% used [0x00000006c0000000,0x00000006d15644a8,0x00000006dc380000)
 Metaspace       used 6541K, capacity 7280K, committed 7552K, reserved 1056768K
  class space    used 595K, capacity 616K, committed 640K, reserved 1048576K
}
Event: 25.978 GC heap before
{Heap before GC invocations=16 (full 3):
 PSYoungGen      total 785920K, used 765562K [0x000000076ab00000, 0x00000007a3a80000, 0x00000007c0000000)
  eden space 665088K, 100% used [0x000000076ab00000,0x0000000793480000,0x0000000793480000)
  from space 120832K, 83% used [0x000000079c300000,0x00000007a251e980,0x00000007a3900000)
  to   space 134144K, 0% used [0x0000000793480000,0x0000000793480000,0x000000079b780000)
 ParOldGen       total 462336K, used 284049K [0x00000006c0000000, 0x00000006dc380000, 0x000000076ab00000)
  object space 462336K, 61% used [0x00000006c0000000,0x00000006d15644a8,0x00000006dc380000)
 Metaspace       used 6543K, capacity 7280K, committed 7552K, reserved 1056768K
  class space    used 595K, capacity 616K, committed 640K, reserved 1048576K

