# JRE version: OpenJDK Runtime Environment (8.0_76-b03) (build 1.8.0_76-release-b03)
# Java VM: OpenJDK 64-Bit Server VM (25.76-b03 mixed mode linux-amd64 compressed oops)
Heap:
 PSYoungGen      total 465920K, used 0K [0x00000000d5580000, 0x0000000100000000, 0x0000000100000000)
  eden space 232960K, 0% used [0x00000000d5580000,0x00000000d5580000,0x00000000e3900000)
  from space 232960K, 0% used [0x00000000f1c80000,0x00000000f1c80000,0x0000000100000000)
  to   space 232960K, 0% used [0x00000000e3900000,0x00000000e3900000,0x00000000f1c80000)
 ParOldGen       total 924672K, used 841663K [0x0000000080000000, 0x00000000b8700000, 0x00000000d5580000)
  object space 924672K, 91% used [0x0000000080000000,0x00000000b35efef8,0x00000000b8700000)
 Metaspace       used 6685K, capacity 7346K, committed 7552K, reserved 1056768K
  class space    used 602K, capacity 618K, committed 640K, reserved 1048576K
GC Heap History (10 events):
Event: 30.399 GC heap after
Heap after GC invocations=26 (full 5):
 PSYoungGen      total 439808K, used 75876K [0x00000000d5580000, 0x00000000fe680000, 0x0000000100000000)
  eden space 235520K, 0% used [0x00000000d5580000,0x00000000d5580000,0x00000000e3b80000)
  from space 204288K, 37% used [0x00000000f1f00000,0x00000000f6919168,0x00000000fe680000)
  to   space 218624K, 0% used [0x00000000e3b80000,0x00000000e3b80000,0x00000000f1100000)
 ParOldGen       total 924672K, used 827845K [0x0000000080000000, 0x00000000b8700000, 0x00000000d5580000)
  object space 924672K, 89% used [0x0000000080000000,0x00000000b2871748,0x00000000b8700000)
 Metaspace       used 6577K, capacity 7280K, committed 7552K, reserved 1056768K
  class space    used 595K, capacity 616K, committed 640K, reserved 1048576K
}
Event: 30.931 GC heap before
{Heap before GC invocations=27 (full 5):
 PSYoungGen      total 439808K, used 311396K [0x00000000d5580000, 0x00000000fe680000, 0x0000000100000000)
  eden space 235520K, 100% used [0x00000000d5580000,0x00000000e3b80000,0x00000000e3b80000)
  from space 204288K, 37% used [0x00000000f1f00000,0x00000000f6919168,0x00000000fe680000)
  to   space 218624K, 0% used [0x00000000e3b80000,0x00000000e3b80000,0x00000000f1100000)
 ParOldGen       total 924672K, used 827845K [0x0000000080000000, 0x00000000b8700000, 0x00000000d5580000)
  object space 924672K, 89% used [0x0000000080000000,0x00000000b2871748,0x00000000b8700000)
 Metaspace       used 6577K, capacity 7280K, committed 7552K, reserved 1056768K
  class space    used 595K, capacity 616K, committed 640K, reserved 1048576K
Event: 31.042 GC heap after
Heap after GC invocations=27 (full 5):
 PSYoungGen      total 454144K, used 111185K [0x00000000d5580000, 0x0000000100000000, 0x0000000100000000)
  eden space 235520K, 0% used [0x00000000d5580000,0x00000000d5580000,0x00000000e3b80000)
  from space 218624K, 50% used [0x00000000e3b80000,0x00000000ea814488,0x00000000f1100000)
  to   space 214016K, 0% used [0x00000000f2f00000,0x00000000f2f00000,0x0000000100000000)
 ParOldGen       total 924672K, used 827845K [0x0000000080000000, 0x00000000b8700000, 0x00000000d5580000)
  object space 924672K, 89% used [0x0000000080000000,0x00000000b2871748,0x00000000b8700000)
 Metaspace       used 6577K, capacity 7280K, committed 7552K, reserved 1056768K
  class space    used 595K, capacity 616K, committed 640K, reserved 1048576K
}
Event: 31.579 GC heap before
{Heap before GC invocations=28 (full 5):
 PSYoungGen      total 454144K, used 346705K [0x00000000d5580000, 0x0000000100000000, 0x0000000100000000)
  eden space 235520K, 100% used [0x00000000d5580000,0x00000000e3b80000,0x00000000e3b80000)
  from space 218624K, 50% used [0x00000000e3b80000,0x00000000ea814488,0x00000000f1100000)
  to   space 214016K, 0% used [0x00000000f2f00000,0x00000000f2f00000,0x0000000100000000)
 ParOldGen       total 924672K, used 827845K [0x0000000080000000, 0x00000000b8700000, 0x00000000d5580000)
  object space 924672K, 89% used [0x0000000080000000,0x00000000b2871748,0x00000000b8700000)
 Metaspace       used 6579K, capacity 7280K, committed 7552K, reserved 1056768K
  class space    used 595K, capacity 616K, committed 640K, reserved 1048576K
Event: 31.730 GC heap after
Heap after GC invocations=28 (full 5):
 PSYoungGen      total 464384K, used 150497K [0x00000000d5580000, 0x0000000100000000, 0x0000000100000000)
  eden space 250368K, 0% used [0x00000000d5580000,0x00000000d5580000,0x00000000e4a00000)
  from space 214016K, 70% used [0x00000000f2f00000,0x00000000fc1f8508,0x0000000100000000)
  to   space 224256K, 0% used [0x00000000e4a00000,0x00000000e4a00000,0x00000000f2500000)
 ParOldGen       total 924672K, used 827845K [0x0000000080000000, 0x00000000b8700000, 0x00000000d5580000)
  object space 924672K, 89% used [0x0000000080000000,0x00000000b2871748,0x00000000b8700000)
 Metaspace       used 6579K, capacity 7280K, committed 7552K, reserved 1056768K
  class space    used 595K, capacity 616K, committed 640K, reserved 1048576K
}
Event: 32.328 GC heap before
{Heap before GC invocations=29 (full 5):
 PSYoungGen      total 464384K, used 400865K [0x00000000d5580000, 0x0000000100000000, 0x0000000100000000)
  eden space 250368K, 100% used [0x00000000d5580000,0x00000000e4a00000,0x00000000e4a00000)
  from space 214016K, 70% used [0x00000000f2f00000,0x00000000fc1f8508,0x0000000100000000)
  to   space 224256K, 0% used [0x00000000e4a00000,0x00000000e4a00000,0x00000000f2500000)
 ParOldGen       total 924672K, used 827845K [0x0000000080000000, 0x00000000b8700000, 0x00000000d5580000)
  object space 924672K, 89% used [0x0000000080000000,0x00000000b2871748,0x00000000b8700000)
 Metaspace       used 6684K, capacity 7346K, committed 7552K, reserved 1056768K
  class space    used 601K, capacity 618K, committed 640K, reserved 1048576K
Event: 32.485 GC heap after
Heap after GC invocations=29 (full 5):
 PSYoungGen      total 438272K, used 187588K [0x00000000d5580000, 0x0000000100000000, 0x0000000100000000)
  eden space 250368K, 0% used [0x00000000d5580000,0x00000000d5580000,0x00000000e4a00000)
  from space 187904K, 99% used [0x00000000e4a00000,0x00000000f0131238,0x00000000f0180000)
  to   space 232960K, 0% used [0x00000000f1c80000,0x00000000f1c80000,0x0000000100000000)
 ParOldGen       total 924672K, used 827845K [0x0000000080000000, 0x00000000b8700000, 0x00000000d5580000)
  object space 924672K, 89% used [0x0000000080000000,0x00000000b2871748,0x00000000b8700000)
 Metaspace       used 6684K, capacity 7346K, committed 7552K, reserved 1056768K
  class space    used 601K, capacity 618K, committed 640K, reserved 1048576K
}
Event: 33.136 GC heap before
{Heap before GC invocations=30 (full 5):
 PSYoungGen      total 438272K, used 437956K [0x00000000d5580000, 0x0000000100000000, 0x0000000100000000)
  eden space 250368K, 100% used [0x00000000d5580000,0x00000000e4a00000,0x00000000e4a00000)
  from space 187904K, 99% used [0x00000000e4a00000,0x00000000f0131238,0x00000000f0180000)
  to   space 232960K, 0% used [0x00000000f1c80000,0x00000000f1c80000,0x0000000100000000)
 ParOldGen       total 924672K, used 827845K [0x0000000080000000, 0x00000000b8700000, 0x00000000d5580000)
  object space 924672K, 89% used [0x0000000080000000,0x00000000b2871748,0x00000000b8700000)
 Metaspace       used 6685K, capacity 7346K, committed 7552K, reserved 1056768K
  class space    used 602K, capacity 618K, committed 640K, reserved 1048576K
Event: 33.354 GC heap after
Heap after GC invocations=30 (full 5):
 PSYoungGen      total 465920K, used 149434K [0x00000000d5580000, 0x0000000100000000, 0x0000000100000000)
  eden space 232960K, 0% used [0x00000000d5580000,0x00000000d5580000,0x00000000e3900000)
  from space 232960K, 64% used [0x00000000f1c80000,0x00000000fae6ea48,0x0000000100000000)
  to   space 232960K, 0% used [0x00000000e3900000,0x00000000e3900000,0x00000000f1c80000)
 ParOldGen       total 924672K, used 902206K [0x0000000080000000, 0x00000000b8700000, 0x00000000d5580000)
  object space 924672K, 97% used [0x0000000080000000,0x00000000b710f8b8,0x00000000b8700000)
 Metaspace       used 6685K, capacity 7346K, committed 7552K, reserved 1056768K
  class space    used 602K, capacity 618K, committed 640K, reserved 1048576K
}
Event: 33.354 GC heap before
{Heap before GC invocations=31 (full 6):
 PSYoungGen      total 465920K, used 149434K [0x00000000d5580000, 0x0000000100000000, 0x0000000100000000)
  eden space 232960K, 0% used [0x00000000d5580000,0x00000000d5580000,0x00000000e3900000)
  from space 232960K, 64% used [0x00000000f1c80000,0x00000000fae6ea48,0x0000000100000000)
  to   space 232960K, 0% used [0x00000000e3900000,0x00000000e3900000,0x00000000f1c80000)
 ParOldGen       total 924672K, used 902206K [0x0000000080000000, 0x00000000b8700000, 0x00000000d5580000)
  object space 924672K, 97% used [0x0000000080000000,0x00000000b710f8b8,0x00000000b8700000)
 Metaspace       used 6685K, capacity 7346K, committed 7552K, reserved 1056768K
  class space    used 602K, capacity 618K, committed 640K, reserved 1048576K

