# JRE version: OpenJDK Runtime Environment (8.0_76-b03) (build 1.8.0_76-release-b03)
# Java VM: OpenJDK 64-Bit Server VM (25.76-b03 mixed mode linux-amd64 compressed oops)
Heap:
 PSYoungGen      total 465920K, used 69410K [0x00000000d5580000, 0x0000000100000000, 0x0000000100000000)
  eden space 232960K, 0% used [0x00000000d5580000,0x00000000d5580000,0x00000000e3900000)
  from space 232960K, 29% used [0x00000000f1c80000,0x00000000f6048bb0,0x0000000100000000)
  to   space 232960K, 0% used [0x00000000e3900000,0x00000000e3900000,0x00000000f1c80000)
 ParOldGen       total 776704K, used 774420K [0x0000000080000000, 0x00000000af680000, 0x00000000d5580000)
  object space 776704K, 99% used [0x0000000080000000,0x00000000af4453a8,0x00000000af680000)
 Metaspace       used 6670K, capacity 7346K, committed 7552K, reserved 1056768K
  class space    used 602K, capacity 618K, committed 640K, reserved 1048576K
GC Heap History (10 events):
Event: 29.310 GC heap after
Heap after GC invocations=26 (full 4):
 PSYoungGen      total 470016K, used 110474K [0x00000000d5580000, 0x00000000fed80000, 0x0000000100000000)
  eden space 259584K, 0% used [0x00000000d5580000,0x00000000d5580000,0x00000000e5300000)
  from space 210432K, 52% used [0x00000000f2000000,0x00000000f8be2ac0,0x00000000fed80000)
  to   space 209920K, 0% used [0x00000000e5300000,0x00000000e5300000,0x00000000f2000000)
 ParOldGen       total 776704K, used 636796K [0x0000000080000000, 0x00000000af680000, 0x00000000d5580000)
  object space 776704K, 81% used [0x0000000080000000,0x00000000a6ddf308,0x00000000af680000)
 Metaspace       used 6564K, capacity 7280K, committed 7552K, reserved 1056768K
  class space    used 596K, capacity 616K, committed 640K, reserved 1048576K
}
Event: 30.042 GC heap before
{Heap before GC invocations=27 (full 4):
 PSYoungGen      total 470016K, used 370058K [0x00000000d5580000, 0x00000000fed80000, 0x0000000100000000)
  eden space 259584K, 100% used [0x00000000d5580000,0x00000000e5300000,0x00000000e5300000)
  from space 210432K, 52% used [0x00000000f2000000,0x00000000f8be2ac0,0x00000000fed80000)
  to   space 209920K, 0% used [0x00000000e5300000,0x00000000e5300000,0x00000000f2000000)
 ParOldGen       total 776704K, used 636796K [0x0000000080000000, 0x00000000af680000, 0x00000000d5580000)
  object space 776704K, 81% used [0x0000000080000000,0x00000000a6ddf320,0x00000000af680000)
 Metaspace       used 6564K, capacity 7280K, committed 7552K, reserved 1056768K
  class space    used 596K, capacity 616K, committed 640K, reserved 1048576K
Event: 30.207 GC heap after
Heap after GC invocations=27 (full 4):
 PSYoungGen      total 469504K, used 147841K [0x00000000d5580000, 0x0000000100000000, 0x0000000100000000)
  eden space 259584K, 0% used [0x00000000d5580000,0x00000000d5580000,0x00000000e5300000)
  from space 209920K, 70% used [0x00000000e5300000,0x00000000ee3605d0,0x00000000f2000000)
  to   space 219648K, 0% used [0x00000000f2980000,0x00000000f2980000,0x0000000100000000)
 ParOldGen       total 776704K, used 636796K [0x0000000080000000, 0x00000000af680000, 0x00000000d5580000)
  object space 776704K, 81% used [0x0000000080000000,0x00000000a6ddf320,0x00000000af680000)
 Metaspace       used 6564K, capacity 7280K, committed 7552K, reserved 1056768K
  class space    used 596K, capacity 616K, committed 640K, reserved 1048576K
}
Event: 30.975 GC heap before
{Heap before GC invocations=28 (full 4):
 PSYoungGen      total 469504K, used 407425K [0x00000000d5580000, 0x0000000100000000, 0x0000000100000000)
  eden space 259584K, 100% used [0x00000000d5580000,0x00000000e5300000,0x00000000e5300000)
  from space 209920K, 70% used [0x00000000e5300000,0x00000000ee3605d0,0x00000000f2000000)
  to   space 219648K, 0% used [0x00000000f2980000,0x00000000f2980000,0x0000000100000000)
 ParOldGen       total 776704K, used 636798K [0x0000000080000000, 0x00000000af680000, 0x00000000d5580000)
  object space 776704K, 81% used [0x0000000080000000,0x00000000a6ddfaa0,0x00000000af680000)
 Metaspace       used 6618K, capacity 7344K, committed 7552K, reserved 1056768K
  class space    used 599K, capacity 616K, committed 640K, reserved 1048576K
Event: 31.191 GC heap after
Heap after GC invocations=28 (full 4):
 PSYoungGen      total 452608K, used 192584K [0x00000000d5580000, 0x0000000100000000, 0x0000000100000000)
  eden space 232960K, 0% used [0x00000000d5580000,0x00000000d5580000,0x00000000e3900000)
  from space 219648K, 87% used [0x00000000f2980000,0x00000000fe5923f0,0x0000000100000000)
  to   space 232960K, 0% used [0x00000000e3900000,0x00000000e3900000,0x00000000f1c80000)
 ParOldGen       total 776704K, used 636806K [0x0000000080000000, 0x00000000af680000, 0x00000000d5580000)
  object space 776704K, 81% used [0x0000000080000000,0x00000000a6de1aa0,0x00000000af680000)
 Metaspace       used 6618K, capacity 7344K, committed 7552K, reserved 1056768K
  class space    used 599K, capacity 616K, committed 640K, reserved 1048576K
}
Event: 31.835 GC heap before
{Heap before GC invocations=29 (full 4):
 PSYoungGen      total 452608K, used 425544K [0x00000000d5580000, 0x0000000100000000, 0x0000000100000000)
  eden space 232960K, 100% used [0x00000000d5580000,0x00000000e3900000,0x00000000e3900000)
  from space 219648K, 87% used [0x00000000f2980000,0x00000000fe5923f0,0x0000000100000000)
  to   space 232960K, 0% used [0x00000000e3900000,0x00000000e3900000,0x00000000f1c80000)
 ParOldGen       total 776704K, used 636806K [0x0000000080000000, 0x00000000af680000, 0x00000000d5580000)
  object space 776704K, 81% used [0x0000000080000000,0x00000000a6de1aa0,0x00000000af680000)
 Metaspace       used 6669K, capacity 7346K, committed 7552K, reserved 1056768K
  class space    used 602K, capacity 618K, committed 640K, reserved 1048576K
Event: 32.028 GC heap after
Heap after GC invocations=29 (full 4):
 PSYoungGen      total 465920K, used 181159K [0x00000000d5580000, 0x0000000100000000, 0x0000000100000000)
  eden space 232960K, 0% used [0x00000000d5580000,0x00000000d5580000,0x00000000e3900000)
  from space 232960K, 77% used [0x00000000e3900000,0x00000000ee9e9ea0,0x00000000f1c80000)
  to   space 232960K, 0% used [0x00000000f1c80000,0x00000000f1c80000,0x0000000100000000)
 ParOldGen       total 776704K, used 681722K [0x0000000080000000, 0x00000000af680000, 0x00000000d5580000)
  object space 776704K, 87% used [0x0000000080000000,0x00000000a99be820,0x00000000af680000)
 Metaspace       used 6669K, capacity 7346K, committed 7552K, reserved 1056768K
  class space    used 602K, capacity 618K, committed 640K, reserved 1048576K
}
Event: 32.709 GC heap before
{Heap before GC invocations=30 (full 4):
 PSYoungGen      total 465920K, used 414119K [0x00000000d5580000, 0x0000000100000000, 0x0000000100000000)
  eden space 232960K, 100% used [0x00000000d5580000,0x00000000e3900000,0x00000000e3900000)
  from space 232960K, 77% used [0x00000000e3900000,0x00000000ee9e9ea0,0x00000000f1c80000)
  to   space 232960K, 0% used [0x00000000f1c80000,0x00000000f1c80000,0x0000000100000000)
 ParOldGen       total 776704K, used 681722K [0x0000000080000000, 0x00000000af680000, 0x00000000d5580000)
  object space 776704K, 87% used [0x0000000080000000,0x00000000a99be820,0x00000000af680000)
 Metaspace       used 6670K, capacity 7346K, committed 7552K, reserved 1056768K
  class space    used 602K, capacity 618K, committed 640K, reserved 1048576K
Event: 32.912 GC heap after
Heap after GC invocations=30 (full 4):
 PSYoungGen      total 465920K, used 151695K [0x00000000d5580000, 0x0000000100000000, 0x0000000100000000)
  eden space 232960K, 0% used [0x00000000d5580000,0x00000000d5580000,0x00000000e3900000)
  from space 232960K, 65% used [0x00000000f1c80000,0x00000000fb0a3f28,0x0000000100000000)
  to   space 232960K, 0% used [0x00000000e3900000,0x00000000e3900000,0x00000000f1c80000)
 ParOldGen       total 776704K, used 744650K [0x0000000080000000, 0x00000000af680000, 0x00000000d5580000)
  object space 776704K, 95% used [0x0000000080000000,0x00000000ad732a58,0x00000000af680000)
 Metaspace       used 6670K, capacity 7346K, committed 7552K, reserved 1056768K
  class space    used 602K, capacity 618K, committed 640K, reserved 1048576K
}
Event: 32.912 GC heap before
{Heap before GC invocations=31 (full 5):
 PSYoungGen      total 465920K, used 151695K [0x00000000d5580000, 0x0000000100000000, 0x0000000100000000)
  eden space 232960K, 0% used [0x00000000d5580000,0x00000000d5580000,0x00000000e3900000)
  from space 232960K, 65% used [0x00000000f1c80000,0x00000000fb0a3f28,0x0000000100000000)
  to   space 232960K, 0% used [0x00000000e3900000,0x00000000e3900000,0x00000000f1c80000)
 ParOldGen       total 776704K, used 744650K [0x0000000080000000, 0x00000000af680000, 0x00000000d5580000)
  object space 776704K, 95% used [0x0000000080000000,0x00000000ad732a58,0x00000000af680000)
 Metaspace       used 6670K, capacity 7346K, committed 7552K, reserved 1056768K
  class space    used 602K, capacity 618K, committed 640K, reserved 1048576K

