# JRE version: OpenJDK Runtime Environment (8.0_76-b03) (build 1.8.0_76-release-b03)
# Java VM: OpenJDK 64-Bit Server VM (25.76-b03 mixed mode linux-amd64 compressed oops)
Heap:
 PSYoungGen      total 697856K, used 72657K [0x000000076ab00000, 0x000000079ea80000, 0x00000007c0000000)
  eden space 579072K, 0% used [0x000000076ab00000,0x000000076ab00000,0x000000078e080000)
  from space 118784K, 61% used [0x000000078e080000,0x00000007927744b0,0x0000000795480000)
  to   space 88064K, 0% used [0x0000000795480000,0x0000000795480000,0x000000079aa80000)
 ParOldGen       total 283648K, used 237278K [0x00000006c0000000, 0x00000006d1500000, 0x000000076ab00000)
  object space 283648K, 83% used [0x00000006c0000000,0x00000006ce7b7818,0x00000006d1500000)
 Metaspace       used 6568K, capacity 7280K, committed 7552K, reserved 1056768K
  class space    used 596K, capacity 616K, committed 640K, reserved 1048576K
GC Heap History (10 events):
Event: 4.120 GC heap after
Heap after GC invocations=8 (full 0):
 PSYoungGen      total 525824K, used 46587K [0x000000076ab00000, 0x0000000790a00000, 0x00000007c0000000)
  eden space 479232K, 0% used [0x000000076ab00000,0x000000076ab00000,0x0000000787f00000)
  from space 46592K, 99% used [0x000000078bc80000,0x000000078e9fefc8,0x000000078ea00000)
  to   space 62976K, 0% used [0x0000000787f00000,0x0000000787f00000,0x000000078bc80000)
 ParOldGen       total 84992K, used 69409K [0x00000006c0000000, 0x00000006c5300000, 0x000000076ab00000)
  object space 84992K, 81% used [0x00000006c0000000,0x00000006c43c8670,0x00000006c5300000)
 Metaspace       used 6467K, capacity 7216K, committed 7296K, reserved 1056768K
  class space    used 593K, capacity 616K, committed 640K, reserved 1048576K
}
Event: 4.120 GC heap before
{Heap before GC invocations=9 (full 1):
 PSYoungGen      total 525824K, used 46587K [0x000000076ab00000, 0x0000000790a00000, 0x00000007c0000000)
  eden space 479232K, 0% used [0x000000076ab00000,0x000000076ab00000,0x0000000787f00000)
  from space 46592K, 99% used [0x000000078bc80000,0x000000078e9fefc8,0x000000078ea00000)
  to   space 62976K, 0% used [0x0000000787f00000,0x0000000787f00000,0x000000078bc80000)
 ParOldGen       total 84992K, used 69409K [0x00000006c0000000, 0x00000006c5300000, 0x000000076ab00000)
  object space 84992K, 81% used [0x00000006c0000000,0x00000006c43c8670,0x00000006c5300000)
 Metaspace       used 6467K, capacity 7216K, committed 7296K, reserved 1056768K
  class space    used 593K, capacity 616K, committed 640K, reserved 1048576K
Event: 4.628 GC heap after
Heap after GC invocations=9 (full 1):
 PSYoungGen      total 525824K, used 27038K [0x000000076ab00000, 0x0000000790a00000, 0x00000007c0000000)
  eden space 479232K, 0% used [0x000000076ab00000,0x000000076ab00000,0x0000000787f00000)
  from space 46592K, 58% used [0x000000078bc80000,0x000000078d6e7af0,0x000000078ea00000)
  to   space 62976K, 0% used [0x0000000787f00000,0x0000000787f00000,0x000000078bc80000)
 ParOldGen       total 160768K, used 84884K [0x00000006c0000000, 0x00000006c9d00000, 0x000000076ab00000)
  object space 160768K, 52% used [0x00000006c0000000,0x00000006c52e5050,0x00000006c9d00000)
 Metaspace       used 6467K, capacity 7216K, committed 7296K, reserved 1056768K
  class space    used 593K, capacity 616K, committed 640K, reserved 1048576K
}
Event: 6.137 GC heap before
{Heap before GC invocations=10 (full 1):
 PSYoungGen      total 525824K, used 506270K [0x000000076ab00000, 0x0000000790a00000, 0x00000007c0000000)
  eden space 479232K, 100% used [0x000000076ab00000,0x0000000787f00000,0x0000000787f00000)
  from space 46592K, 58% used [0x000000078bc80000,0x000000078d6e7af0,0x000000078ea00000)
  to   space 62976K, 0% used [0x0000000787f00000,0x0000000787f00000,0x000000078bc80000)
 ParOldGen       total 160768K, used 84884K [0x00000006c0000000, 0x00000006c9d00000, 0x000000076ab00000)
  object space 160768K, 52% used [0x00000006c0000000,0x00000006c52e5050,0x00000006c9d00000)
 Metaspace       used 6520K, capacity 7280K, committed 7552K, reserved 1056768K
  class space    used 593K, capacity 616K, committed 640K, reserved 1048576K
Event: 6.344 GC heap after
Heap after GC invocations=10 (full 1):
 PSYoungGen      total 542208K, used 62952K [0x000000076ab00000, 0x000000079aa80000, 0x00000007c0000000)
  eden space 479232K, 0% used [0x000000076ab00000,0x000000076ab00000,0x0000000787f00000)
  from space 62976K, 99% used [0x0000000787f00000,0x000000078bc7a140,0x000000078bc80000)
  to   space 88064K, 0% used [0x0000000795480000,0x0000000795480000,0x000000079aa80000)
 ParOldGen       total 160768K, used 117647K [0x00000006c0000000, 0x00000006c9d00000, 0x000000076ab00000)
  object space 160768K, 73% used [0x00000006c0000000,0x00000006c72e3d18,0x00000006c9d00000)
 Metaspace       used 6520K, capacity 7280K, committed 7552K, reserved 1056768K
  class space    used 593K, capacity 616K, committed 640K, reserved 1048576K
}
Event: 7.749 GC heap before
{Heap before GC invocations=11 (full 1):
 PSYoungGen      total 542208K, used 542184K [0x000000076ab00000, 0x000000079aa80000, 0x00000007c0000000)
  eden space 479232K, 100% used [0x000000076ab00000,0x0000000787f00000,0x0000000787f00000)
  from space 62976K, 99% used [0x0000000787f00000,0x000000078bc7a140,0x000000078bc80000)
  to   space 88064K, 0% used [0x0000000795480000,0x0000000795480000,0x000000079aa80000)
 ParOldGen       total 160768K, used 117647K [0x00000006c0000000, 0x00000006c9d00000, 0x000000076ab00000)
  object space 160768K, 73% used [0x00000006c0000000,0x00000006c72e3d18,0x00000006c9d00000)
 Metaspace       used 6549K, capacity 7280K, committed 7552K, reserved 1056768K
  class space    used 595K, capacity 616K, committed 640K, reserved 1048576K
Event: 7.929 GC heap after
Heap after GC invocations=11 (full 1):
 PSYoungGen      total 667136K, used 88054K [0x000000076ab00000, 0x000000079ea80000, 0x00000007c0000000)
  eden space 579072K, 0% used [0x000000076ab00000,0x000000076ab00000,0x000000078e080000)
  from space 88064K, 99% used [0x0000000795480000,0x000000079aa7d860,0x000000079aa80000)
  to   space 118784K, 0% used [0x000000078e080000,0x000000078e080000,0x0000000795480000)
 ParOldGen       total 160768K, used 157914K [0x00000006c0000000, 0x00000006c9d00000, 0x000000076ab00000)
  object space 160768K, 98% used [0x00000006c0000000,0x00000006c9a36b20,0x00000006c9d00000)
 Metaspace       used 6549K, capacity 7280K, committed 7552K, reserved 1056768K
  class space    used 595K, capacity 616K, committed 640K, reserved 1048576K
}
Event: 7.929 GC heap before
{Heap before GC invocations=12 (full 2):
 PSYoungGen      total 667136K, used 88054K [0x000000076ab00000, 0x000000079ea80000, 0x00000007c0000000)
  eden space 579072K, 0% used [0x000000076ab00000,0x000000076ab00000,0x000000078e080000)
  from space 88064K, 99% used [0x0000000795480000,0x000000079aa7d860,0x000000079aa80000)
  to   space 118784K, 0% used [0x000000078e080000,0x000000078e080000,0x0000000795480000)
 ParOldGen       total 160768K, used 157914K [0x00000006c0000000, 0x00000006c9d00000, 0x000000076ab00000)
  object space 160768K, 98% used [0x00000006c0000000,0x00000006c9a36b20,0x00000006c9d00000)
 Metaspace       used 6549K, capacity 7280K, committed 7552K, reserved 1056768K
  class space    used 595K, capacity 616K, committed 640K, reserved 1048576K
Event: 8.789 GC heap after
Heap after GC invocations=12 (full 2):
 PSYoungGen      total 667136K, used 76499K [0x000000076ab00000, 0x000000079ea80000, 0x00000007c0000000)
  eden space 579072K, 0% used [0x000000076ab00000,0x000000076ab00000,0x000000078e080000)
  from space 88064K, 86% used [0x0000000795480000,0x0000000799f34e60,0x000000079aa80000)
  to   space 118784K, 0% used [0x000000078e080000,0x000000078e080000,0x0000000795480000)
 ParOldGen       total 283648K, used 160290K [0x00000006c0000000, 0x00000006d1500000, 0x000000076ab00000)
  object space 283648K, 56% used [0x00000006c0000000,0x00000006c9c88a10,0x00000006d1500000)
 Metaspace       used 6549K, capacity 7280K, committed 7552K, reserved 1056768K
  class space    used 595K, capacity 616K, committed 640K, reserved 1048576K
}
Event: 14.487 GC heap before
{Heap before GC invocations=13 (full 2):
 PSYoungGen      total 667136K, used 655571K [0x000000076ab00000, 0x000000079ea80000, 0x00000007c0000000)
  eden space 579072K, 100% used [0x000000076ab00000,0x000000078e080000,0x000000078e080000)
  from space 88064K, 86% used [0x0000000795480000,0x0000000799f34e60,0x000000079aa80000)
  to   space 118784K, 0% used [0x000000078e080000,0x000000078e080000,0x0000000795480000)
 ParOldGen       total 283648K, used 160290K [0x00000006c0000000, 0x00000006d1500000, 0x000000076ab00000)
  object space 283648K, 56% used [0x00000006c0000000,0x00000006c9c88a10,0x00000006d1500000)
 Metaspace       used 6568K, capacity 7280K, committed 7552K, reserved 1056768K
  class space    used 596K, capacity 616K, committed 640K, reserved 1048576K

