# JRE version: OpenJDK Runtime Environment (8.0_76-b03) (build 1.8.0_76-release-b03)
# Java VM: OpenJDK 64-Bit Server VM (25.76-b03 mixed mode linux-amd64 compressed oops)
Heap:
 PSYoungGen      total 580608K, used 12479K [0x00000000d5580000, 0x0000000100000000, 0x0000000100000000)
  eden space 462336K, 0% used [0x00000000d5580000,0x00000000d5580000,0x00000000f1900000)
  from space 118272K, 10% used [0x00000000f1900000,0x00000000f252fc90,0x00000000f8c80000)
  to   space 115200K, 0% used [0x00000000f8f80000,0x00000000f8f80000,0x0000000100000000)
 ParOldGen       total 273920K, used 273860K [0x0000000080000000, 0x0000000090b80000, 0x00000000d5580000)
  object space 273920K, 99% used [0x0000000080000000,0x0000000090b71078,0x0000000090b80000)
 Metaspace       used 6566K, capacity 7280K, committed 7552K, reserved 1056768K
  class space    used 596K, capacity 616K, committed 640K, reserved 1048576K
GC Heap History (10 events):
Event: 4.562 GC heap after
Heap after GC invocations=9 (full 1):
 PSYoungGen      total 525824K, used 23982K [0x00000000d5580000, 0x00000000fb380000, 0x0000000100000000)
  eden space 478720K, 0% used [0x00000000d5580000,0x00000000d5580000,0x00000000f2900000)
  from space 47104K, 50% used [0x00000000f6680000,0x00000000f7debb08,0x00000000f9480000)
  to   space 62976K, 0% used [0x00000000f2900000,0x00000000f2900000,0x00000000f6680000)
 ParOldGen       total 158720K, used 84752K [0x0000000080000000, 0x0000000089b00000, 0x00000000d5580000)
  object space 158720K, 53% used [0x0000000080000000,0x00000000852c4280,0x0000000089b00000)
 Metaspace       used 6460K, capacity 7216K, committed 7296K, reserved 1056768K
  class space    used 593K, capacity 616K, committed 640K, reserved 1048576K
}
Event: 6.174 GC heap before
{Heap before GC invocations=10 (full 1):
 PSYoungGen      total 525824K, used 502702K [0x00000000d5580000, 0x00000000fb380000, 0x0000000100000000)
  eden space 478720K, 100% used [0x00000000d5580000,0x00000000f2900000,0x00000000f2900000)
  from space 47104K, 50% used [0x00000000f6680000,0x00000000f7debb08,0x00000000f9480000)
  to   space 62976K, 0% used [0x00000000f2900000,0x00000000f2900000,0x00000000f6680000)
 ParOldGen       total 158720K, used 84752K [0x0000000080000000, 0x0000000089b00000, 0x00000000d5580000)
  object space 158720K, 53% used [0x0000000080000000,0x00000000852c4280,0x0000000089b00000)
 Metaspace       used 6526K, capacity 7280K, committed 7552K, reserved 1056768K
  class space    used 593K, capacity 616K, committed 640K, reserved 1048576K
Event: 6.352 GC heap after
Heap after GC invocations=10 (full 1):
 PSYoungGen      total 541696K, used 62974K [0x00000000d5580000, 0x0000000100000000, 0x0000000100000000)
  eden space 478720K, 0% used [0x00000000d5580000,0x00000000d5580000,0x00000000f2900000)
  from space 62976K, 99% used [0x00000000f2900000,0x00000000f667fb20,0x00000000f6680000)
  to   space 86528K, 0% used [0x00000000fab80000,0x00000000fab80000,0x0000000100000000)
 ParOldGen       total 158720K, used 112998K [0x0000000080000000, 0x0000000089b00000, 0x00000000d5580000)
  object space 158720K, 71% used [0x0000000080000000,0x0000000086e59bd0,0x0000000089b00000)
 Metaspace       used 6526K, capacity 7280K, committed 7552K, reserved 1056768K
  class space    used 593K, capacity 616K, committed 640K, reserved 1048576K
}
Event: 15.839 GC heap before
{Heap before GC invocations=11 (full 1):
 PSYoungGen      total 541696K, used 541694K [0x00000000d5580000, 0x0000000100000000, 0x0000000100000000)
  eden space 478720K, 100% used [0x00000000d5580000,0x00000000f2900000,0x00000000f2900000)
  from space 62976K, 99% used [0x00000000f2900000,0x00000000f667fb20,0x00000000f6680000)
  to   space 86528K, 0% used [0x00000000fab80000,0x00000000fab80000,0x0000000100000000)
 ParOldGen       total 158720K, used 112998K [0x0000000080000000, 0x0000000089b00000, 0x00000000d5580000)
  object space 158720K, 71% used [0x0000000080000000,0x0000000086e59bd0,0x0000000089b00000)
 Metaspace       used 6554K, capacity 7280K, committed 7552K, reserved 1056768K
  class space    used 596K, capacity 616K, committed 640K, reserved 1048576K
Event: 17.206 GC heap after
Heap after GC invocations=11 (full 1):
 PSYoungGen      total 548864K, used 86526K [0x00000000d5580000, 0x0000000100000000, 0x0000000100000000)
  eden space 462336K, 0% used [0x00000000d5580000,0x00000000d5580000,0x00000000f1900000)
  from space 86528K, 99% used [0x00000000fab80000,0x00000000fffffa40,0x0000000100000000)
  to   space 118272K, 0% used [0x00000000f1900000,0x00000000f1900000,0x00000000f8c80000)
 ParOldGen       total 158720K, used 158036K [0x0000000080000000, 0x0000000089b00000, 0x00000000d5580000)
  object space 158720K, 99% used [0x0000000080000000,0x0000000089a55110,0x0000000089b00000)
 Metaspace       used 6554K, capacity 7280K, committed 7552K, reserved 1056768K
  class space    used 596K, capacity 616K, committed 640K, reserved 1048576K
}
Event: 17.436 GC heap before
{Heap before GC invocations=12 (full 2):
 PSYoungGen      total 548864K, used 86526K [0x00000000d5580000, 0x0000000100000000, 0x0000000100000000)
  eden space 462336K, 0% used [0x00000000d5580000,0x00000000d5580000,0x00000000f1900000)
  from space 86528K, 99% used [0x00000000fab80000,0x00000000fffffa40,0x0000000100000000)
  to   space 118272K, 0% used [0x00000000f1900000,0x00000000f1900000,0x00000000f8c80000)
 ParOldGen       total 158720K, used 158036K [0x0000000080000000, 0x0000000089b00000, 0x00000000d5580000)
  object space 158720K, 99% used [0x0000000080000000,0x0000000089a55110,0x0000000089b00000)
 Metaspace       used 6554K, capacity 7280K, committed 7552K, reserved 1056768K
  class space    used 596K, capacity 616K, committed 640K, reserved 1048576K
Event: 19.111 GC heap after
Heap after GC invocations=12 (full 2):
 PSYoungGen      total 548864K, used 77958K [0x00000000d5580000, 0x0000000100000000, 0x0000000100000000)
  eden space 462336K, 0% used [0x00000000d5580000,0x00000000d5580000,0x00000000f1900000)
  from space 86528K, 90% used [0x00000000fab80000,0x00000000ff7a1b30,0x0000000100000000)
  to   space 118272K, 0% used [0x00000000f1900000,0x00000000f1900000,0x00000000f8c80000)
 ParOldGen       total 273920K, used 158405K [0x0000000080000000, 0x0000000090b80000, 0x00000000d5580000)
  object space 273920K, 57% used [0x0000000080000000,0x0000000089ab1760,0x0000000090b80000)
 Metaspace       used 6554K, capacity 7280K, committed 7552K, reserved 1056768K
  class space    used 596K, capacity 616K, committed 640K, reserved 1048576K
}
Event: 24.958 GC heap before
{Heap before GC invocations=13 (full 2):
 PSYoungGen      total 548864K, used 540294K [0x00000000d5580000, 0x0000000100000000, 0x0000000100000000)
  eden space 462336K, 100% used [0x00000000d5580000,0x00000000f1900000,0x00000000f1900000)
  from space 86528K, 90% used [0x00000000fab80000,0x00000000ff7a1b30,0x0000000100000000)
  to   space 118272K, 0% used [0x00000000f1900000,0x00000000f1900000,0x00000000f8c80000)
 ParOldGen       total 273920K, used 158405K [0x0000000080000000, 0x0000000090b80000, 0x00000000d5580000)
  object space 273920K, 57% used [0x0000000080000000,0x0000000089ab1760,0x0000000090b80000)
 Metaspace       used 6566K, capacity 7280K, committed 7552K, reserved 1056768K
  class space    used 596K, capacity 616K, committed 640K, reserved 1048576K
Event: 25.244 GC heap after
Heap after GC invocations=13 (full 2):
 PSYoungGen      total 580608K, used 52685K [0x00000000d5580000, 0x0000000100000000, 0x0000000100000000)
  eden space 462336K, 0% used [0x00000000d5580000,0x00000000d5580000,0x00000000f1900000)
  from space 118272K, 44% used [0x00000000f1900000,0x00000000f4c73650,0x00000000f8c80000)
  to   space 115200K, 0% used [0x00000000f8f80000,0x00000000f8f80000,0x0000000100000000)
 ParOldGen       total 273920K, used 237100K [0x0000000080000000, 0x0000000090b80000, 0x00000000d5580000)
  object space 273920K, 86% used [0x0000000080000000,0x000000008e78b100,0x0000000090b80000)
 Metaspace       used 6566K, capacity 7280K, committed 7552K, reserved 1056768K
  class space    used 596K, capacity 616K, committed 640K, reserved 1048576K
}
Event: 25.244 GC heap before
{Heap before GC invocations=14 (full 3):
 PSYoungGen      total 580608K, used 52685K [0x00000000d5580000, 0x0000000100000000, 0x0000000100000000)
  eden space 462336K, 0% used [0x00000000d5580000,0x00000000d5580000,0x00000000f1900000)
  from space 118272K, 44% used [0x00000000f1900000,0x00000000f4c73650,0x00000000f8c80000)
  to   space 115200K, 0% used [0x00000000f8f80000,0x00000000f8f80000,0x0000000100000000)
 ParOldGen       total 273920K, used 237100K [0x0000000080000000, 0x0000000090b80000, 0x00000000d5580000)
  object space 273920K, 86% used [0x0000000080000000,0x000000008e78b100,0x0000000090b80000)
 Metaspace       used 6566K, capacity 7280K, committed 7552K, reserved 1056768K
  class space    used 596K, capacity 616K, committed 640K, reserved 1048576K

